INFO: [v++ 60-1306] Additional information associated with this v++ link can be found at:
	Reports: /home/amin/parallel-gcn/src/FPGA/_x/reports/link
	Log files: /home/amin/parallel-gcn/src/FPGA/_x/logs/link
INFO: [v++ 60-1548] Creating build summary session with primary output /home/amin/parallel-gcn/src/FPGA/kernel/mmul/hardware/mmul_kernel_0.xclbin.link_summary, at Tue Jan 30 16:20:22 2024
INFO: [v++ 60-1315] Creating rulecheck session with output '/home/amin/parallel-gcn/src/FPGA/_x/reports/link/v++_link_mmul_kernel_0_guidance.html', at Tue Jan 30 16:20:22 2024
INFO: [v++ 60-895]   Target platform: /opt/xilinx/platforms/xilinx_u280_gen3x16_xdma_1_202211_1/xilinx_u280_gen3x16_xdma_1_202211_1.xpfm
INFO: [v++ 60-1578]   This platform contains Xilinx Shell Archive '/opt/xilinx/platforms/xilinx_u280_gen3x16_xdma_1_202211_1/hw/hw.xsa'
INFO: [v++ 74-78] Compiler Version string: 2022.2
INFO: [v++ 60-629] Linking for hardware target
INFO: [v++ 60-423]   Target device: xilinx_u280_gen3x16_xdma_1_202211_1
INFO: [v++ 60-1332] Run 'run_link' status: Not started
INFO: [v++ 60-1443] [16:20:25] Run run_link: Step system_link: Started
INFO: [v++ 60-1453] Command Line: system_link --xo /home/amin/parallel-gcn/src/FPGA/kernel/mmul/mmul_kernel_0.xo -keep --config /home/amin/parallel-gcn/src/FPGA/_x/link/int/syslinkConfig.ini --xpfm /opt/xilinx/platforms/xilinx_u280_gen3x16_xdma_1_202211_1/xilinx_u280_gen3x16_xdma_1_202211_1.xpfm --target hw --output_dir /home/amin/parallel-gcn/src/FPGA/_x/link/int --temp_dir /home/amin/parallel-gcn/src/FPGA/_x/link/sys_link
INFO: [v++ 60-1454] Run Directory: /home/amin/parallel-gcn/src/FPGA/_x/link/run_link
INFO: [SYSTEM_LINK 82-70] Extracting xo v3 file /home/amin/parallel-gcn/src/FPGA/kernel/mmul/mmul_kernel_0.xo
INFO: [SYSTEM_LINK 82-53] Creating IP database /home/amin/parallel-gcn/src/FPGA/_x/link/sys_link/_sysl/.cdb/xd_ip_db.xml
INFO: [SYSTEM_LINK 82-38] [16:20:26] build_xd_ip_db started: /opt/Xilinx/Vitis/2022.2/bin/build_xd_ip_db -ip_search 0  -sds-pf /home/amin/parallel-gcn/src/FPGA/_x/link/sys_link/hw.hpfm -clkid 0 -ip /home/amin/parallel-gcn/src/FPGA/_x/link/sys_link/iprepo/xilinx_com_hls_mmul_kernel_0_1_0,mmul_kernel_0 -o /home/amin/parallel-gcn/src/FPGA/_x/link/sys_link/_sysl/.cdb/xd_ip_db.xml
INFO: [SYSTEM_LINK 82-37] [16:20:30] build_xd_ip_db finished successfully
Time (s): cpu = 00:00:04 ; elapsed = 00:00:04 . Memory (MB): peak = 450.074 ; gain = 0.000 ; free physical = 34825 ; free virtual = 39402
INFO: [SYSTEM_LINK 82-51] Create system connectivity graph
INFO: [SYSTEM_LINK 82-102] Applying explicit connections to the system connectivity graph: /home/amin/parallel-gcn/src/FPGA/_x/link/sys_link/cfgraph/cfgen_cfgraph.xml
INFO: [SYSTEM_LINK 82-38] [16:20:30] cfgen started: /opt/Xilinx/Vitis/2022.2/bin/cfgen  -sp mmul_kernel_0_1.A:HBM[0:1] -sp mmul_kernel_0_1.B:HBM[2:3] -sp mmul_kernel_0_1.C:HBM[4:5] -dpa_mem_offload false -dmclkid 0 -r /home/amin/parallel-gcn/src/FPGA/_x/link/sys_link/_sysl/.cdb/xd_ip_db.xml -o /home/amin/parallel-gcn/src/FPGA/_x/link/sys_link/cfgraph/cfgen_cfgraph.xml
INFO: [CFGEN 83-0] Kernel Specs: 
INFO: [CFGEN 83-0]   kernel: mmul_kernel_0, num: 1  {mmul_kernel_0_1}
INFO: [CFGEN 83-0] Port Specs: 
INFO: [CFGEN 83-0]   kernel: mmul_kernel_0_1, k_port: A, sptag: HBM[0:1]
INFO: [CFGEN 83-0]   kernel: mmul_kernel_0_1, k_port: B, sptag: HBM[2:3]
INFO: [CFGEN 83-0]   kernel: mmul_kernel_0_1, k_port: C, sptag: HBM[4:5]
INFO: [SYSTEM_LINK 82-37] [16:20:38] cfgen finished successfully
Time (s): cpu = 00:00:07 ; elapsed = 00:00:07 . Memory (MB): peak = 450.074 ; gain = 0.000 ; free physical = 34826 ; free virtual = 39403
INFO: [SYSTEM_LINK 82-52] Create top-level block diagram
INFO: [SYSTEM_LINK 82-38] [16:20:38] cf2bd started: /opt/Xilinx/Vitis/2022.2/bin/cf2bd  --linux --trace_buffer 1024 --input_file /home/amin/parallel-gcn/src/FPGA/_x/link/sys_link/cfgraph/cfgen_cfgraph.xml --ip_db /home/amin/parallel-gcn/src/FPGA/_x/link/sys_link/_sysl/.cdb/xd_ip_db.xml --cf_name dr --working_dir /home/amin/parallel-gcn/src/FPGA/_x/link/sys_link/_sysl/.xsd --temp_dir /home/amin/parallel-gcn/src/FPGA/_x/link/sys_link --output_dir /home/amin/parallel-gcn/src/FPGA/_x/link/int --target_bd ulp.bd
INFO: [CF2BD 82-31] Launching cf2xd: cf2xd -linux -trace-buffer 1024 -i /home/amin/parallel-gcn/src/FPGA/_x/link/sys_link/cfgraph/cfgen_cfgraph.xml -r /home/amin/parallel-gcn/src/FPGA/_x/link/sys_link/_sysl/.cdb/xd_ip_db.xml -o dr.xml
INFO: [CF2BD 82-28] cf2xd finished successfully
INFO: [CF2BD 82-31] Launching cf_xsd: cf_xsd -disable-address-gen -bd ulp.bd -dn dr -dp /home/amin/parallel-gcn/src/FPGA/_x/link/sys_link/_sysl/.xsd
INFO: [CF2BD 82-28] cf_xsd finished successfully
INFO: [SYSTEM_LINK 82-37] [16:20:41] cf2bd finished successfully
Time (s): cpu = 00:00:03 ; elapsed = 00:00:03 . Memory (MB): peak = 450.074 ; gain = 0.000 ; free physical = 34817 ; free virtual = 39400
INFO: [v++ 60-1441] [16:20:41] Run run_link: Step system_link: Completed
Time (s): cpu = 00:00:16 ; elapsed = 00:00:16 . Memory (MB): peak = 475.316 ; gain = 0.000 ; free physical = 34876 ; free virtual = 39459
INFO: [v++ 60-1443] [16:20:41] Run run_link: Step cf2sw: Started
INFO: [v++ 60-1453] Command Line: cf2sw -sdsl /home/amin/parallel-gcn/src/FPGA/_x/link/int/sdsl.dat -rtd /home/amin/parallel-gcn/src/FPGA/_x/link/int/cf2sw.rtd -nofilter /home/amin/parallel-gcn/src/FPGA/_x/link/int/cf2sw_full.rtd -xclbin /home/amin/parallel-gcn/src/FPGA/_x/link/int/xclbin_orig.xml -o /home/amin/parallel-gcn/src/FPGA/_x/link/int/xclbin_orig.1.xml
INFO: [v++ 60-1454] Run Directory: /home/amin/parallel-gcn/src/FPGA/_x/link/run_link
INFO: [v++ 60-1441] [16:20:45] Run run_link: Step cf2sw: Completed
Time (s): cpu = 00:00:04 ; elapsed = 00:00:04 . Memory (MB): peak = 475.316 ; gain = 0.000 ; free physical = 34873 ; free virtual = 39458
INFO: [v++ 60-1443] [16:20:45] Run run_link: Step rtd2_system_diagram: Started
INFO: [v++ 60-1453] Command Line: rtd2SystemDiagram
INFO: [v++ 60-1454] Run Directory: /home/amin/parallel-gcn/src/FPGA/_x/link/run_link
INFO: [v++ 60-1441] [16:20:45] Run run_link: Step rtd2_system_diagram: Completed
Time (s): cpu = 00:00:00 ; elapsed = 00:00:00.21 . Memory (MB): peak = 475.316 ; gain = 0.000 ; free physical = 34851 ; free virtual = 39436
INFO: [v++ 60-1443] [16:20:45] Run run_link: Step vpl: Started
INFO: [v++ 60-1453] Command Line: vpl -t hw -f xilinx_u280_gen3x16_xdma_1_202211_1 -s --remote_ip_cache /home/amin/parallel-gcn/src/FPGA/.ipcache --output_dir /home/amin/parallel-gcn/src/FPGA/_x/link/int --log_dir /home/amin/parallel-gcn/src/FPGA/_x/logs/link --report_dir /home/amin/parallel-gcn/src/FPGA/_x/reports/link --config /home/amin/parallel-gcn/src/FPGA/_x/link/int/vplConfig.ini -k /home/amin/parallel-gcn/src/FPGA/_x/link/int/kernel_info.dat --webtalk_flag Vitis --temp_dir /home/amin/parallel-gcn/src/FPGA/_x/link --no-info --iprepo /home/amin/parallel-gcn/src/FPGA/_x/link/int/xo/ip_repo/xilinx_com_hls_mmul_kernel_0_1_0 --messageDb /home/amin/parallel-gcn/src/FPGA/_x/link/run_link/vpl.pb /home/amin/parallel-gcn/src/FPGA/_x/link/int/dr.bd.tcl
INFO: [v++ 60-1454] Run Directory: /home/amin/parallel-gcn/src/FPGA/_x/link/run_link

****** vpl v2022.2 (64-bit)
  **** SW Build 3671529 on 2022-10-13-17:52:11
    ** Copyright 1986-2022 Xilinx, Inc. All Rights Reserved.

INFO: [VPL 60-839] Read in kernel information from file '/home/amin/parallel-gcn/src/FPGA/_x/link/int/kernel_info.dat'.
INFO: [VPL 74-78] Compiler Version string: 2022.2
INFO: [VPL 60-423]   Target device: xilinx_u280_gen3x16_xdma_1_202211_1
INFO: [VPL 60-1032] Extracting hardware platform to /home/amin/parallel-gcn/src/FPGA/_x/link/vivado/vpl/.local/hw_platform
[16:20:57] Run vpl: Step create_project: Started
Creating Vivado project.
[16:21:02] Run vpl: Step create_project: Completed
[16:21:02] Run vpl: Step create_bd: Started
[16:21:26] Run vpl: Step create_bd: Completed
[16:21:26] Run vpl: Step update_bd: Started
[16:21:27] Run vpl: Step update_bd: Completed
[16:21:27] Run vpl: Step generate_target: Started
[16:22:10] Run vpl: Step generate_target: Completed
[16:22:10] Run vpl: Step config_hw_runs: Started
[16:22:46] Run vpl: Step config_hw_runs: Completed
[16:22:46] Run vpl: Step synth: Started
[16:23:28] Block-level synthesis in progress, 0 of 140 jobs complete, 8 jobs running.
[16:23:59] Block-level synthesis in progress, 4 of 140 jobs complete, 4 jobs running.
[16:24:32] Block-level synthesis in progress, 9 of 140 jobs complete, 8 jobs running.
[16:25:05] Block-level synthesis in progress, 12 of 140 jobs complete, 6 jobs running.
[16:25:35] Block-level synthesis in progress, 16 of 140 jobs complete, 7 jobs running.
[16:26:07] Block-level synthesis in progress, 20 of 140 jobs complete, 6 jobs running.
[16:26:38] Block-level synthesis in progress, 27 of 140 jobs complete, 8 jobs running.
[16:27:11] Block-level synthesis in progress, 28 of 140 jobs complete, 8 jobs running.
[16:27:42] Block-level synthesis in progress, 39 of 140 jobs complete, 8 jobs running.
[16:28:13] Block-level synthesis in progress, 53 of 140 jobs complete, 8 jobs running.
[16:28:49] Block-level synthesis in progress, 53 of 140 jobs complete, 8 jobs running.
[16:29:20] Block-level synthesis in progress, 64 of 140 jobs complete, 8 jobs running.
[16:29:51] Block-level synthesis in progress, 68 of 140 jobs complete, 6 jobs running.
[16:30:21] Block-level synthesis in progress, 80 of 140 jobs complete, 4 jobs running.
[16:30:51] Block-level synthesis in progress, 87 of 140 jobs complete, 8 jobs running.
[16:31:23] Block-level synthesis in progress, 90 of 140 jobs complete, 6 jobs running.
[16:31:54] Block-level synthesis in progress, 97 of 140 jobs complete, 5 jobs running.
[16:32:24] Block-level synthesis in progress, 106 of 140 jobs complete, 3 jobs running.
[16:32:56] Block-level synthesis in progress, 109 of 140 jobs complete, 8 jobs running.
[16:33:27] Block-level synthesis in progress, 114 of 140 jobs complete, 5 jobs running.
[16:33:59] Block-level synthesis in progress, 117 of 140 jobs complete, 8 jobs running.
[16:34:30] Block-level synthesis in progress, 123 of 140 jobs complete, 6 jobs running.
[16:35:04] Block-level synthesis in progress, 128 of 140 jobs complete, 8 jobs running.
[16:35:51] Block-level synthesis in progress, 133 of 140 jobs complete, 4 jobs running.
[16:36:36] Block-level synthesis in progress, 139 of 140 jobs complete, 1 job running.
[16:38:11] Block-level synthesis in progress, 140 of 140 jobs complete, 0 jobs running.
[16:38:42] Top-level synthesis in progress.
[16:39:16] Run vpl: Step synth: Completed
[16:39:16] Run vpl: Step impl: Started
[16:47:02] Finished 2nd of 6 tasks (FPGA linking synthesized kernels to platform). Elapsed time: 00h 26m 15s 

[16:47:02] Starting logic optimization..
[16:48:00] Phase 1 Retarget
[16:48:00] Phase 2 Constant propagation
[16:48:00] Phase 3 Sweep
[16:49:35] Finished 3rd of 6 tasks (FPGA logic optimization). Elapsed time: 00h 02m 32s 

[16:49:35] Starting logic placement..
[16:49:35] Phase 4 BUFG optimization
[16:49:35] Phase 5 Shift Register Optimization
[16:49:35] Phase 6 Post Processing Netlist
[16:50:32] Phase 1 Placer Initialization
[16:50:32] Phase 1.1 Placer Initialization Netlist Sorting
[16:53:35] Phase 1.2 IO Placement/ Clock Placement/ Build Placer Device
[16:53:35] Phase 1.3 Build Placer Netlist Model
[16:55:31] Phase 1.4 Constrain Clocks/Macros
[16:55:31] Phase 2 Global Placement
[16:55:31] Phase 2.1 Floorplanning
[16:56:10] Phase 2.1.1 Partition Driven Placement
[16:56:10] Phase 2.1.1.1 PBP: Partition Driven Placement
[16:57:15] Phase 2.1.1.2 PBP: Clock Region Placement
[16:57:15] Phase 2.1.1.3 PBP: Compute Congestion
[16:57:15] Phase 2.1.1.4 PBP: UpdateTiming
[16:57:15] Phase 2.1.1.5 PBP: Add part constraints
[16:57:15] Phase 2.2 Physical Synthesis After Floorplan
[16:58:24] Phase 2.3 Update Timing before SLR Path Opt
[16:58:24] Phase 2.4 Post-Processing in Floorplanning
[16:58:24] Phase 2.5 Global Placement Core
[17:06:14] Phase 2.5.1 UpdateTiming Before Physical Synthesis
[17:06:14] Phase 2.5.2 Physical Synthesis In Placer
[17:07:36] Phase 3 Detail Placement
[17:07:36] Phase 3.1 Commit Multi Column Macros
[17:07:36] Phase 3.2 Commit Most Macros & LUTRAMs
[17:08:19] Phase 3.3 Small Shape DP
[17:08:19] Phase 3.3.1 Small Shape Clustering
[17:09:29] Phase 3.3.2 Flow Legalize Slice Clusters
[17:09:29] Phase 3.3.3 Slice Area Swap
[17:09:29] Phase 3.3.3.1 Slice Area Swap Initial
[17:09:29] Phase 3.4 Place Remaining
[17:09:29] Phase 3.5 Re-assign LUT pins
[17:09:29] Phase 3.6 Pipeline Register Optimization
[17:09:29] Phase 3.7 Fast Optimization
[17:10:08] Phase 4 Post Placement Optimization and Clean-Up
[17:10:08] Phase 4.1 Post Commit Optimization
[17:12:53] Phase 4.1.1 Post Placement Optimization
[17:12:53] Phase 4.1.1.1 BUFG Insertion
[17:12:53] Phase 1 Physical Synthesis Initialization
[17:12:53] Phase 4.1.1.2 BUFG Replication
[17:12:53] Phase 4.1.1.3 Post Placement Timing Optimization
[17:12:53] Phase 4.1.1.4 Replication
[17:14:09] Phase 4.2 Post Placement Cleanup
[17:14:09] Phase 4.3 Placer Reporting
[17:14:09] Phase 4.3.1 Print Estimated Congestion
[17:14:09] Phase 4.4 Final Placement Cleanup
[17:16:16] Finished 4th of 6 tasks (FPGA logic placement). Elapsed time: 00h 26m 40s 

[17:16:16] Starting logic routing..
[17:16:53] Phase 1 Build RT Design
[17:18:30] Phase 2 Router Initialization
[17:18:30] Phase 2.1 Fix Topology Constraints
[17:18:30] Phase 2.2 Pre Route Cleanup
[17:18:30] Phase 2.3 Global Clock Net Routing
[17:18:30] Phase 2.4 Update Timing
[17:20:24] Phase 2.5 Update Timing for Bus Skew
[17:20:24] Phase 2.5.1 Update Timing
[17:20:24] Phase 3 Initial Routing
[17:20:24] Phase 3.1 Global Routing
[17:21:16] Phase 4 Rip-up And Reroute
[17:21:16] Phase 4.1 Global Iteration 0
[17:27:17] Phase 4.2 Global Iteration 1
[17:27:17] Phase 4.3 Global Iteration 2
[17:28:07] Phase 5 Delay and Skew Optimization
[17:28:07] Phase 5.1 Delay CleanUp
[17:28:07] Phase 5.1.1 Update Timing
[17:28:56] Phase 5.1.2 Update Timing
[17:30:00] Phase 5.2 Clock Skew Optimization
[17:30:00] Phase 6 Post Hold Fix
[17:30:00] Phase 6.1 Hold Fix Iter
[17:30:00] Phase 6.1.1 Update Timing
[17:30:00] Phase 7 Leaf Clock Prog Delay Opt
[17:31:12] Phase 8 Route finalize
[17:31:12] Phase 9 Verifying routed nets
[17:31:12] Phase 10 Depositing Routes
[17:31:12] Phase 11 Resolve XTalk
[17:31:12] Phase 12 Post Router Timing
[17:33:17] Finished 5th of 6 tasks (FPGA routing). Elapsed time: 00h 17m 01s 

[17:33:17] Starting bitstream generation..
[17:39:00] Creating bitmap...
[17:54:42] Writing bitstream ./level0_i_ulp_my_rm_partial.bit...
[17:54:42] Finished 6th of 6 tasks (FPGA bitstream generation). Elapsed time: 00h 21m 25s 
Check VPL, containing 1 checks, has run: 0 errors
[17:55:31] Run vpl: Step impl: Completed
[17:55:31] Run vpl: FINISHED. Run Status: impl Complete!
INFO: [v++ 60-1441] [17:55:31] Run run_link: Step vpl: Completed
Time (s): cpu = 00:00:45 ; elapsed = 01:34:46 . Memory (MB): peak = 475.316 ; gain = 0.000 ; free physical = 30648 ; free virtual = 36719
INFO: [v++ 60-1443] [17:55:31] Run run_link: Step rtdgen: Started
INFO: [v++ 60-1453] Command Line: rtdgen
INFO: [v++ 60-1454] Run Directory: /home/amin/parallel-gcn/src/FPGA/_x/link/run_link
INFO: [v++ 60-991] clock name 'ulp_ucs/aclk_kernel_01' (clock ID '1') is being mapped to clock name 'KERNEL_CLK' in the xclbin
INFO: [v++ 60-991] clock name 'ulp_ucs/aclk_kernel_00' (clock ID '0') is being mapped to clock name 'DATA_CLK' in the xclbin
INFO: [v++ 60-991] clock name 'hbm_aclk' (clock ID '') is being mapped to clock name 'hbm_aclk' in the xclbin
INFO: [v++ 60-1230] The compiler selected the following frequencies for the runtime controllable kernel clock(s) and scalable system clock(s): System (SYSTEM) clock: hbm_aclk = 450, Kernel (KERNEL) clock: ulp_ucs/aclk_kernel_01 = 500, Kernel (DATA) clock: ulp_ucs/aclk_kernel_00 = 300
INFO: [v++ 60-1453] Command Line: cf2sw -a /home/amin/parallel-gcn/src/FPGA/_x/link/int/address_map.xml -sdsl /home/amin/parallel-gcn/src/FPGA/_x/link/int/sdsl.dat -xclbin /home/amin/parallel-gcn/src/FPGA/_x/link/int/xclbin_orig.xml -rtd /home/amin/parallel-gcn/src/FPGA/_x/link/int/mmul_kernel_0.rtd -o /home/amin/parallel-gcn/src/FPGA/_x/link/int/mmul_kernel_0.xml
INFO: [v++ 60-1652] Cf2sw returned exit code: 0
INFO: [v++ 60-1441] [17:55:35] Run run_link: Step rtdgen: Completed
Time (s): cpu = 00:00:04 ; elapsed = 00:00:04 . Memory (MB): peak = 475.316 ; gain = 0.000 ; free physical = 33302 ; free virtual = 39373
INFO: [v++ 60-1443] [17:55:35] Run run_link: Step xclbinutil: Started
INFO: [v++ 60-1453] Command Line: xclbinutil --add-section BITSTREAM:RAW:/home/amin/parallel-gcn/src/FPGA/_x/link/int/partial.bit --force --target hw --key-value SYS:dfx_enable:true --add-section :JSON:/home/amin/parallel-gcn/src/FPGA/_x/link/int/mmul_kernel_0.rtd --append-section :JSON:/home/amin/parallel-gcn/src/FPGA/_x/link/int/appendSection.rtd --add-section CLOCK_FREQ_TOPOLOGY:JSON:/home/amin/parallel-gcn/src/FPGA/_x/link/int/mmul_kernel_0_xml.rtd --add-section BUILD_METADATA:JSON:/home/amin/parallel-gcn/src/FPGA/_x/link/int/mmul_kernel_0_build.rtd --add-section EMBEDDED_METADATA:RAW:/home/amin/parallel-gcn/src/FPGA/_x/link/int/mmul_kernel_0.xml --add-section SYSTEM_METADATA:RAW:/home/amin/parallel-gcn/src/FPGA/_x/link/int/systemDiagramModelSlrBaseAddress.json --key-value SYS:PlatformVBNV:xilinx_u280_gen3x16_xdma_1_202211_1 --output /home/amin/parallel-gcn/src/FPGA/kernel/mmul/hardware/mmul_kernel_0.xclbin
INFO: [v++ 60-1454] Run Directory: /home/amin/parallel-gcn/src/FPGA/_x/link/run_link
XRT Build Version: 2.14.354 (2022.2)
       Build Date: 2022-10-08 09:51:53
          Hash ID: 43926231f7183688add2dccfd391b36a1f000bea
Creating a default 'in-memory' xclbin image.

Section: 'BITSTREAM'(0) was successfully added.
Size   : 51863014 bytes
Format : RAW
File   : '/home/amin/parallel-gcn/src/FPGA/_x/link/int/partial.bit'

Section: 'MEM_TOPOLOGY'(6) was successfully added.
Format : JSON
File   : 'mem_topology'

Section: 'IP_LAYOUT'(8) was successfully added.
Format : JSON
File   : 'ip_layout'

Section: 'CONNECTIVITY'(7) was successfully added.
Format : JSON
File   : 'connectivity'

Section: 'CLOCK_FREQ_TOPOLOGY'(11) was successfully added.
Size   : 410 bytes
Format : JSON
File   : '/home/amin/parallel-gcn/src/FPGA/_x/link/int/mmul_kernel_0_xml.rtd'

Section: 'BUILD_METADATA'(14) was successfully added.
Size   : 2563 bytes
Format : JSON
File   : '/home/amin/parallel-gcn/src/FPGA/_x/link/int/mmul_kernel_0_build.rtd'

Section: 'EMBEDDED_METADATA'(2) was successfully added.
Size   : 9154 bytes
Format : RAW
File   : '/home/amin/parallel-gcn/src/FPGA/_x/link/int/mmul_kernel_0.xml'

Section: 'SYSTEM_METADATA'(22) was successfully added.
Size   : 27106 bytes
Format : RAW
File   : '/home/amin/parallel-gcn/src/FPGA/_x/link/int/systemDiagramModelSlrBaseAddress.json'

Section: 'PARTITION_METADATA'(20) was successfully appended to.
Format : JSON
File   : 'partition_metadata'

Section: 'IP_LAYOUT'(8) was successfully appended to.
Format : JSON
File   : 'ip_layout'
Successfully wrote (51931551 bytes) to the output file: /home/amin/parallel-gcn/src/FPGA/kernel/mmul/hardware/mmul_kernel_0.xclbin
Leaving xclbinutil.
INFO: [v++ 60-1441] [17:55:36] Run run_link: Step xclbinutil: Completed
Time (s): cpu = 00:00:00.12 ; elapsed = 00:00:00.99 . Memory (MB): peak = 475.316 ; gain = 0.000 ; free physical = 33250 ; free virtual = 39373
INFO: [v++ 60-1443] [17:55:36] Run run_link: Step xclbinutilinfo: Started
INFO: [v++ 60-1453] Command Line: xclbinutil --quiet --force --info /home/amin/parallel-gcn/src/FPGA/kernel/mmul/hardware/mmul_kernel_0.xclbin.info --input /home/amin/parallel-gcn/src/FPGA/kernel/mmul/hardware/mmul_kernel_0.xclbin
INFO: [v++ 60-1454] Run Directory: /home/amin/parallel-gcn/src/FPGA/_x/link/run_link
INFO: [v++ 60-1441] [17:55:37] Run run_link: Step xclbinutilinfo: Completed
Time (s): cpu = 00:00:00.44 ; elapsed = 00:00:00.5 . Memory (MB): peak = 475.316 ; gain = 0.000 ; free physical = 33250 ; free virtual = 39373
INFO: [v++ 60-1443] [17:55:37] Run run_link: Step generate_sc_driver: Started
INFO: [v++ 60-1453] Command Line: 
INFO: [v++ 60-1454] Run Directory: /home/amin/parallel-gcn/src/FPGA/_x/link/run_link
INFO: [v++ 60-1441] [17:55:37] Run run_link: Step generate_sc_driver: Completed
Time (s): cpu = 00:00:00 ; elapsed = 00:00:00 . Memory (MB): peak = 475.316 ; gain = 0.000 ; free physical = 33250 ; free virtual = 39373
INFO: [v++ 60-244] Generating system estimate report...
INFO: [v++ 60-1092] Generated system estimate report: /home/amin/parallel-gcn/src/FPGA/_x/reports/link/system_estimate_mmul_kernel_0.xtxt
INFO: [v++ 60-586] Created /home/amin/parallel-gcn/src/FPGA/kernel/mmul/hardware/mmul_kernel_0.ltx
INFO: [v++ 60-586] Created /home/amin/parallel-gcn/src/FPGA/kernel/mmul/hardware/mmul_kernel_0.xclbin
INFO: [v++ 60-1307] Run completed. Additional information can be found in:
	Guidance: /home/amin/parallel-gcn/src/FPGA/_x/reports/link/v++_link_mmul_kernel_0_guidance.html
	Timing Report: /home/amin/parallel-gcn/src/FPGA/_x/reports/link/imp/impl_1_hw_bb_locked_timing_summary_routed.rpt
	Vivado Log: /home/amin/parallel-gcn/src/FPGA/_x/logs/link/vivado.log
	Steps Log File: /home/amin/parallel-gcn/src/FPGA/_x/logs/link/link.steps.log

INFO: [v++ 60-2343] Use the vitis_analyzer tool to visualize and navigate the relevant reports. Run the following command. 
    vitis_analyzer /home/amin/parallel-gcn/src/FPGA/kernel/mmul/hardware/mmul_kernel_0.xclbin.link_summary 
INFO: [v++ 60-791] Total elapsed time: 1h 35m 25s
INFO: [v++ 60-1653] Closing dispatch client.
