Tue Jan 30 16:14:14 2024: Running xcd server. This server was built by gradle.
Tue Jan 30 16:14:14 2024: Server was asked to start on port: '39355'
Tue Jan 30 16:14:14 2024: Server is using token UUID: 'd548fc13-5ae9-4331-a1ee-21370840e803'
Tue Jan 30 16:14:14 2024: SESSION_MGR: creating session with session uuid: '6d04a3e9-ade5-4ab9-8d63-1f78fcd2ec76' and name 'default'
Tue Jan 30 16:14:14 2024: Attempting to start server on port '39355'
Tue Jan 30 16:14:14 2024: XCD main fifo: created main fifo '/tmp/xcdmaind548fc13-5ae9-4331-a1ee-21370840e803', fd read = 13
Tue Jan 30 16:14:14 2024: Running Dispatch Server
Tue Jan 30 16:14:14 2024: Version 2.2.0
Tue Jan 30 16:14:23 2024: Dispatch Server: Accepted socket connection from client
Tue Jan 30 16:14:23 2024: Starting Socket connection
Tue Jan 30 16:14:23 2024: EXCHANGE_TOKEN received, server token: d548fc13-5ae9-4331-a1ee-21370840e803, passed token: d548fc13-5ae9-4331-a1ee-21370840e803
Tue Jan 30 16:14:23 2024: DISPATCH_HANDLER: Adding handler from function makeHandler in library libxv_system_diagram
Tue Jan 30 16:14:23 2024: SESSION_MGR: creating session with session uuid: 'f80f9549-27f2-4d42-bf46-37040d7fa0fd' and name 'v++_compile_mmul_kernel_0'
Tue Jan 30 16:14:23 2024: KERNEL_SVC: creating session with uuid: 'f80f9549-27f2-4d42-bf46-37040d7fa0fd' and name 'v++_compile_mmul_kernel_0'
Tue Jan 30 16:14:23 2024: GUIDANCE_SMGR: creating guidance session with uuid: 'f80f9549-27f2-4d42-bf46-37040d7fa0fd' and name 'v++_compile_mmul_kernel_0'
Tue Jan 30 16:14:23 2024: SYSTEM_DIAGRAM: creating session with uuid: 'f80f9549-27f2-4d42-bf46-37040d7fa0fd' and name 'v++_compile_mmul_kernel_0'
Tue Jan 30 16:14:30 2024: Dispatch Server: Accepted socket connection from client
Tue Jan 30 16:14:30 2024: Starting Socket connection
Tue Jan 30 16:14:34 2024: SESSION_MGR: closing session for UUID 'f80f9549-27f2-4d42-bf46-37040d7fa0fd' with name 'v++_compile_mmul_kernel_0'
Tue Jan 30 16:14:34 2024: KERNEL_SVC: closing session for UUID 'f80f9549-27f2-4d42-bf46-37040d7fa0fd' with name 'v++_compile_mmul_kernel_0'
Tue Jan 30 16:14:34 2024: GUIDANCE_SMGR: closing session for UUID 'f80f9549-27f2-4d42-bf46-37040d7fa0fd' with name 'v++_compile_mmul_kernel_0'
Tue Jan 30 16:14:34 2024: SYSTEM_DIAGRAM: closing session for UUID 'f80f9549-27f2-4d42-bf46-37040d7fa0fd' with name 'v++_compile_mmul_kernel_0'
Tue Jan 30 16:14:34 2024: STOP_SERVER received, server token: d548fc13-5ae9-4331-a1ee-21370840e803, passed token: d548fc13-5ae9-4331-a1ee-21370840e803
Tue Jan 30 16:14:34 2024: Socket received request to stop server.
Tue Jan 30 16:14:34 2024: Dispatch Server: do_await_stop
Tue Jan 30 16:14:34 2024: Dispatch Server: stopping mainFifo_
Tue Jan 30 16:14:34 2024: XCD main fifo: Stopping
Tue Jan 30 16:14:34 2024: XCD main fifo: do_read error code: Operation canceled
Tue Jan 30 16:14:34 2024: XCD main fifo: bytes_transferred: 0
Tue Jan 30 16:14:34 2024: SERVER: destructor for server bound to port 39355
Tue Jan 30 16:14:34 2024: XCD main fifo: Good unlink of /tmp/xcdmaind548fc13-5ae9-4331-a1ee-21370840e803
Tue Jan 30 16:14:34 2024: Server exiting with status 0.
Tue Jan 30 16:14:34 2024: Closing log file.
Tue Jan 30 16:15:52 2024: Running xcd server. This server was built by gradle.
Tue Jan 30 16:15:52 2024: Server was asked to start on port: '44465'
Tue Jan 30 16:15:52 2024: Server is using token UUID: 'c7903b5e-ec37-493a-a206-8a87df76ef3e'
Tue Jan 30 16:15:52 2024: SESSION_MGR: creating session with session uuid: '6d04a3e9-ade5-4ab9-8d63-1f78fcd2ec76' and name 'default'
Tue Jan 30 16:15:52 2024: Attempting to start server on port '44465'
Tue Jan 30 16:15:52 2024: XCD main fifo: created main fifo '/tmp/xcdmainc7903b5e-ec37-493a-a206-8a87df76ef3e', fd read = 13
Tue Jan 30 16:15:52 2024: Running Dispatch Server
Tue Jan 30 16:15:52 2024: Version 2.2.0
Tue Jan 30 16:16:01 2024: Dispatch Server: Accepted socket connection from client
Tue Jan 30 16:16:01 2024: Starting Socket connection
Tue Jan 30 16:16:01 2024: EXCHANGE_TOKEN received, server token: c7903b5e-ec37-493a-a206-8a87df76ef3e, passed token: c7903b5e-ec37-493a-a206-8a87df76ef3e
Tue Jan 30 16:16:01 2024: DISPATCH_HANDLER: Adding handler from function makeHandler in library libxv_system_diagram
Tue Jan 30 16:16:01 2024: SESSION_MGR: creating session with session uuid: '73982dbf-a6e3-4734-bea8-c0538cd2fd1c' and name 'v++_compile_mmul_kernel_0'
Tue Jan 30 16:16:01 2024: KERNEL_SVC: creating session with uuid: '73982dbf-a6e3-4734-bea8-c0538cd2fd1c' and name 'v++_compile_mmul_kernel_0'
Tue Jan 30 16:16:01 2024: GUIDANCE_SMGR: creating guidance session with uuid: '73982dbf-a6e3-4734-bea8-c0538cd2fd1c' and name 'v++_compile_mmul_kernel_0'
Tue Jan 30 16:16:01 2024: SYSTEM_DIAGRAM: creating session with uuid: '73982dbf-a6e3-4734-bea8-c0538cd2fd1c' and name 'v++_compile_mmul_kernel_0'
Tue Jan 30 16:16:07 2024: Dispatch Server: Accepted socket connection from client
Tue Jan 30 16:16:07 2024: Starting Socket connection
Tue Jan 30 16:16:11 2024: SESSION_MGR: closing session for UUID '73982dbf-a6e3-4734-bea8-c0538cd2fd1c' with name 'v++_compile_mmul_kernel_0'
Tue Jan 30 16:16:11 2024: KERNEL_SVC: closing session for UUID '73982dbf-a6e3-4734-bea8-c0538cd2fd1c' with name 'v++_compile_mmul_kernel_0'
Tue Jan 30 16:16:11 2024: GUIDANCE_SMGR: closing session for UUID '73982dbf-a6e3-4734-bea8-c0538cd2fd1c' with name 'v++_compile_mmul_kernel_0'
Tue Jan 30 16:16:11 2024: SYSTEM_DIAGRAM: closing session for UUID '73982dbf-a6e3-4734-bea8-c0538cd2fd1c' with name 'v++_compile_mmul_kernel_0'
Tue Jan 30 16:16:11 2024: STOP_SERVER received, server token: c7903b5e-ec37-493a-a206-8a87df76ef3e, passed token: c7903b5e-ec37-493a-a206-8a87df76ef3e
Tue Jan 30 16:16:11 2024: Socket received request to stop server.
Tue Jan 30 16:16:11 2024: Dispatch Server: do_await_stop
Tue Jan 30 16:16:11 2024: Dispatch Server: stopping mainFifo_
Tue Jan 30 16:16:11 2024: XCD main fifo: Stopping
Tue Jan 30 16:16:11 2024: XCD main fifo: do_read error code: Operation canceled
Tue Jan 30 16:16:11 2024: XCD main fifo: bytes_transferred: 0
Tue Jan 30 16:16:11 2024: SERVER: destructor for server bound to port 44465
Tue Jan 30 16:16:11 2024: XCD main fifo: Good unlink of /tmp/xcdmainc7903b5e-ec37-493a-a206-8a87df76ef3e
Tue Jan 30 16:16:11 2024: Server exiting with status 0.
Tue Jan 30 16:16:11 2024: Closing log file.
Tue Jan 30 16:16:43 2024: Running xcd server. This server was built by gradle.
Tue Jan 30 16:16:43 2024: Server was asked to start on port: '35131'
Tue Jan 30 16:16:43 2024: Server is using token UUID: '551f5bec-5a9c-4004-8cc4-8c49b06e295b'
Tue Jan 30 16:16:43 2024: SESSION_MGR: creating session with session uuid: '6d04a3e9-ade5-4ab9-8d63-1f78fcd2ec76' and name 'default'
Tue Jan 30 16:16:43 2024: Attempting to start server on port '35131'
Tue Jan 30 16:16:43 2024: XCD main fifo: created main fifo '/tmp/xcdmain551f5bec-5a9c-4004-8cc4-8c49b06e295b', fd read = 13
Tue Jan 30 16:16:43 2024: Running Dispatch Server
Tue Jan 30 16:16:43 2024: Version 2.2.0
Tue Jan 30 16:16:52 2024: Dispatch Server: Accepted socket connection from client
Tue Jan 30 16:16:52 2024: Starting Socket connection
Tue Jan 30 16:16:52 2024: EXCHANGE_TOKEN received, server token: 551f5bec-5a9c-4004-8cc4-8c49b06e295b, passed token: 551f5bec-5a9c-4004-8cc4-8c49b06e295b
Tue Jan 30 16:16:53 2024: DISPATCH_HANDLER: Adding handler from function makeHandler in library libxv_system_diagram
Tue Jan 30 16:16:53 2024: SESSION_MGR: creating session with session uuid: '35d2f65c-6e94-4dbf-ba74-d46d5a09ee06' and name 'v++_compile_mmul_kernel_0'
Tue Jan 30 16:16:53 2024: KERNEL_SVC: creating session with uuid: '35d2f65c-6e94-4dbf-ba74-d46d5a09ee06' and name 'v++_compile_mmul_kernel_0'
Tue Jan 30 16:16:53 2024: GUIDANCE_SMGR: creating guidance session with uuid: '35d2f65c-6e94-4dbf-ba74-d46d5a09ee06' and name 'v++_compile_mmul_kernel_0'
Tue Jan 30 16:16:53 2024: SYSTEM_DIAGRAM: creating session with uuid: '35d2f65c-6e94-4dbf-ba74-d46d5a09ee06' and name 'v++_compile_mmul_kernel_0'
Tue Jan 30 16:16:58 2024: Dispatch Server: Accepted socket connection from client
Tue Jan 30 16:16:58 2024: Starting Socket connection
Tue Jan 30 16:17:31 2024: SESSION_MGR: closing session for UUID '35d2f65c-6e94-4dbf-ba74-d46d5a09ee06' with name 'v++_compile_mmul_kernel_0'
Tue Jan 30 16:17:31 2024: KERNEL_SVC: closing session for UUID '35d2f65c-6e94-4dbf-ba74-d46d5a09ee06' with name 'v++_compile_mmul_kernel_0'
Tue Jan 30 16:17:31 2024: GUIDANCE_SMGR: closing session for UUID '35d2f65c-6e94-4dbf-ba74-d46d5a09ee06' with name 'v++_compile_mmul_kernel_0'
Tue Jan 30 16:17:31 2024: SYSTEM_DIAGRAM: closing session for UUID '35d2f65c-6e94-4dbf-ba74-d46d5a09ee06' with name 'v++_compile_mmul_kernel_0'
Tue Jan 30 16:17:31 2024: STOP_SERVER received, server token: 551f5bec-5a9c-4004-8cc4-8c49b06e295b, passed token: 551f5bec-5a9c-4004-8cc4-8c49b06e295b
Tue Jan 30 16:17:31 2024: Socket received request to stop server.
Tue Jan 30 16:17:31 2024: Dispatch Server: do_await_stop
Tue Jan 30 16:17:31 2024: Dispatch Server: stopping mainFifo_
Tue Jan 30 16:17:31 2024: XCD main fifo: Stopping
Tue Jan 30 16:17:31 2024: XCD main fifo: do_read error code: Operation canceled
Tue Jan 30 16:17:31 2024: XCD main fifo: bytes_transferred: 0
Tue Jan 30 16:17:31 2024: SERVER: destructor for server bound to port 35131
Tue Jan 30 16:17:31 2024: XCD main fifo: Good unlink of /tmp/xcdmain551f5bec-5a9c-4004-8cc4-8c49b06e295b
Tue Jan 30 16:17:31 2024: Server exiting with status 0.
Tue Jan 30 16:17:31 2024: Closing log file.
Tue Jan 30 16:17:34 2024: Running xcd server. This server was built by gradle.
Tue Jan 30 16:17:34 2024: Server was asked to start on port: '39447'
Tue Jan 30 16:17:34 2024: Server is using token UUID: '2d8d7980-e9e8-452f-89d8-2cb9610b5c05'
Tue Jan 30 16:17:34 2024: SESSION_MGR: creating session with session uuid: '6d04a3e9-ade5-4ab9-8d63-1f78fcd2ec76' and name 'default'
Tue Jan 30 16:17:34 2024: Attempting to start server on port '39447'
Tue Jan 30 16:17:34 2024: XCD main fifo: created main fifo '/tmp/xcdmain2d8d7980-e9e8-452f-89d8-2cb9610b5c05', fd read = 13
Tue Jan 30 16:17:34 2024: Running Dispatch Server
Tue Jan 30 16:17:34 2024: Version 2.2.0
Tue Jan 30 16:17:43 2024: Dispatch Server: Accepted socket connection from client
Tue Jan 30 16:17:43 2024: Starting Socket connection
Tue Jan 30 16:17:43 2024: EXCHANGE_TOKEN received, server token: 2d8d7980-e9e8-452f-89d8-2cb9610b5c05, passed token: 2d8d7980-e9e8-452f-89d8-2cb9610b5c05
Tue Jan 30 16:17:43 2024: DISPATCH_HANDLER: Adding handler from function makeHandler in library libxv_system_diagram
Tue Jan 30 16:17:43 2024: SESSION_MGR: creating session with session uuid: '814fc851-a107-4202-9db4-f9e53ab3dd4b' and name 'v++_link_mmul_kernel_0'
Tue Jan 30 16:17:43 2024: KERNEL_SVC: creating session with uuid: '814fc851-a107-4202-9db4-f9e53ab3dd4b' and name 'v++_link_mmul_kernel_0'
Tue Jan 30 16:17:43 2024: GUIDANCE_SMGR: creating guidance session with uuid: '814fc851-a107-4202-9db4-f9e53ab3dd4b' and name 'v++_link_mmul_kernel_0'
Tue Jan 30 16:17:43 2024: SYSTEM_DIAGRAM: creating session with uuid: '814fc851-a107-4202-9db4-f9e53ab3dd4b' and name 'v++_link_mmul_kernel_0'
Tue Jan 30 16:17:55 2024: SESSION_MGR: closing session for UUID '814fc851-a107-4202-9db4-f9e53ab3dd4b' with name 'v++_link_mmul_kernel_0'
Tue Jan 30 16:17:55 2024: KERNEL_SVC: closing session for UUID '814fc851-a107-4202-9db4-f9e53ab3dd4b' with name 'v++_link_mmul_kernel_0'
Tue Jan 30 16:17:55 2024: GUIDANCE_SMGR: closing session for UUID '814fc851-a107-4202-9db4-f9e53ab3dd4b' with name 'v++_link_mmul_kernel_0'
Tue Jan 30 16:17:55 2024: SYSTEM_DIAGRAM: closing session for UUID '814fc851-a107-4202-9db4-f9e53ab3dd4b' with name 'v++_link_mmul_kernel_0'
Tue Jan 30 16:17:55 2024: STOP_SERVER received, server token: 2d8d7980-e9e8-452f-89d8-2cb9610b5c05, passed token: 2d8d7980-e9e8-452f-89d8-2cb9610b5c05
Tue Jan 30 16:17:55 2024: Socket received request to stop server.
Tue Jan 30 16:17:55 2024: Dispatch Server: do_await_stop
Tue Jan 30 16:17:55 2024: Dispatch Server: stopping mainFifo_
Tue Jan 30 16:17:55 2024: XCD main fifo: Stopping
Tue Jan 30 16:17:55 2024: XCD main fifo: do_read error code: Operation canceled
Tue Jan 30 16:17:55 2024: XCD main fifo: bytes_transferred: 0
Tue Jan 30 16:17:55 2024: SERVER: destructor for server bound to port 39447
Tue Jan 30 16:17:55 2024: XCD main fifo: Good unlink of /tmp/xcdmain2d8d7980-e9e8-452f-89d8-2cb9610b5c05
Tue Jan 30 16:17:55 2024: Server exiting with status 0.
Tue Jan 30 16:17:55 2024: Closing log file.
Tue Jan 30 16:18:36 2024: Running xcd server. This server was built by gradle.
Tue Jan 30 16:18:36 2024: Server was asked to start on port: '44507'
Tue Jan 30 16:18:36 2024: Server is using token UUID: '4abd9586-e4f2-45d5-8b59-98988b9124f4'
Tue Jan 30 16:18:36 2024: SESSION_MGR: creating session with session uuid: '6d04a3e9-ade5-4ab9-8d63-1f78fcd2ec76' and name 'default'
Tue Jan 30 16:18:36 2024: Attempting to start server on port '44507'
Tue Jan 30 16:18:36 2024: XCD main fifo: created main fifo '/tmp/xcdmain4abd9586-e4f2-45d5-8b59-98988b9124f4', fd read = 13
Tue Jan 30 16:18:36 2024: Running Dispatch Server
Tue Jan 30 16:18:36 2024: Version 2.2.0
Tue Jan 30 16:18:45 2024: Dispatch Server: Accepted socket connection from client
Tue Jan 30 16:18:45 2024: Starting Socket connection
Tue Jan 30 16:18:45 2024: EXCHANGE_TOKEN received, server token: 4abd9586-e4f2-45d5-8b59-98988b9124f4, passed token: 4abd9586-e4f2-45d5-8b59-98988b9124f4
Tue Jan 30 16:18:45 2024: DISPATCH_HANDLER: Adding handler from function makeHandler in library libxv_system_diagram
Tue Jan 30 16:18:45 2024: SESSION_MGR: creating session with session uuid: '6f84f027-99ec-40dd-9224-9c77ae679269' and name 'v++_link_mmul_kernel_0'
Tue Jan 30 16:18:45 2024: KERNEL_SVC: creating session with uuid: '6f84f027-99ec-40dd-9224-9c77ae679269' and name 'v++_link_mmul_kernel_0'
Tue Jan 30 16:18:45 2024: GUIDANCE_SMGR: creating guidance session with uuid: '6f84f027-99ec-40dd-9224-9c77ae679269' and name 'v++_link_mmul_kernel_0'
Tue Jan 30 16:18:45 2024: SYSTEM_DIAGRAM: creating session with uuid: '6f84f027-99ec-40dd-9224-9c77ae679269' and name 'v++_link_mmul_kernel_0'
Tue Jan 30 16:18:57 2024: SESSION_MGR: closing session for UUID '6f84f027-99ec-40dd-9224-9c77ae679269' with name 'v++_link_mmul_kernel_0'
Tue Jan 30 16:18:57 2024: KERNEL_SVC: closing session for UUID '6f84f027-99ec-40dd-9224-9c77ae679269' with name 'v++_link_mmul_kernel_0'
Tue Jan 30 16:18:57 2024: GUIDANCE_SMGR: closing session for UUID '6f84f027-99ec-40dd-9224-9c77ae679269' with name 'v++_link_mmul_kernel_0'
Tue Jan 30 16:18:57 2024: SYSTEM_DIAGRAM: closing session for UUID '6f84f027-99ec-40dd-9224-9c77ae679269' with name 'v++_link_mmul_kernel_0'
Tue Jan 30 16:18:57 2024: STOP_SERVER received, server token: 4abd9586-e4f2-45d5-8b59-98988b9124f4, passed token: 4abd9586-e4f2-45d5-8b59-98988b9124f4
Tue Jan 30 16:18:57 2024: Socket received request to stop server.
Tue Jan 30 16:18:57 2024: Dispatch Server: do_await_stop
Tue Jan 30 16:18:57 2024: Dispatch Server: stopping mainFifo_
Tue Jan 30 16:18:57 2024: XCD main fifo: Stopping
Tue Jan 30 16:18:57 2024: XCD main fifo: do_read error code: Operation canceled
Tue Jan 30 16:18:57 2024: XCD main fifo: bytes_transferred: 0
Tue Jan 30 16:18:57 2024: SERVER: destructor for server bound to port 44507
Tue Jan 30 16:18:57 2024: XCD main fifo: Good unlink of /tmp/xcdmain4abd9586-e4f2-45d5-8b59-98988b9124f4
Tue Jan 30 16:18:57 2024: Server exiting with status 0.
Tue Jan 30 16:18:57 2024: Closing log file.
Tue Jan 30 16:20:13 2024: Running xcd server. This server was built by gradle.
Tue Jan 30 16:20:13 2024: Server was asked to start on port: '37581'
Tue Jan 30 16:20:13 2024: Server is using token UUID: '7955ae35-1b37-44c5-b66b-0fcc5d3db15f'
Tue Jan 30 16:20:13 2024: SESSION_MGR: creating session with session uuid: '6d04a3e9-ade5-4ab9-8d63-1f78fcd2ec76' and name 'default'
Tue Jan 30 16:20:13 2024: Attempting to start server on port '37581'
Tue Jan 30 16:20:13 2024: XCD main fifo: created main fifo '/tmp/xcdmain7955ae35-1b37-44c5-b66b-0fcc5d3db15f', fd read = 13
Tue Jan 30 16:20:13 2024: Running Dispatch Server
Tue Jan 30 16:20:13 2024: Version 2.2.0
Tue Jan 30 16:20:22 2024: Dispatch Server: Accepted socket connection from client
Tue Jan 30 16:20:22 2024: Starting Socket connection
Tue Jan 30 16:20:22 2024: EXCHANGE_TOKEN received, server token: 7955ae35-1b37-44c5-b66b-0fcc5d3db15f, passed token: 7955ae35-1b37-44c5-b66b-0fcc5d3db15f
Tue Jan 30 16:20:22 2024: DISPATCH_HANDLER: Adding handler from function makeHandler in library libxv_system_diagram
Tue Jan 30 16:20:22 2024: SESSION_MGR: creating session with session uuid: 'c14e07c6-9286-43ce-a852-7aa8e419e655' and name 'v++_link_mmul_kernel_0'
Tue Jan 30 16:20:22 2024: KERNEL_SVC: creating session with uuid: 'c14e07c6-9286-43ce-a852-7aa8e419e655' and name 'v++_link_mmul_kernel_0'
Tue Jan 30 16:20:22 2024: GUIDANCE_SMGR: creating guidance session with uuid: 'c14e07c6-9286-43ce-a852-7aa8e419e655' and name 'v++_link_mmul_kernel_0'
Tue Jan 30 16:20:22 2024: SYSTEM_DIAGRAM: creating session with uuid: 'c14e07c6-9286-43ce-a852-7aa8e419e655' and name 'v++_link_mmul_kernel_0'
Tue Jan 30 16:20:47 2024: Dispatch Server: Accepted socket connection from client
Tue Jan 30 16:20:47 2024: Starting Socket connection
Tue Jan 30 16:20:57 2024: Dispatch Server: Accepted socket connection from client
Tue Jan 30 16:20:57 2024: Starting Socket connection
Tue Jan 30 16:23:02 2024: Dispatch Server: Accepted socket connection from client
Tue Jan 30 16:23:02 2024: Starting Socket connection
Tue Jan 30 16:23:02 2024: Dispatch Server: Accepted socket connection from client
Tue Jan 30 16:23:02 2024: Starting Socket connection
Tue Jan 30 16:23:02 2024: Dispatch Server: Accepted socket connection from client
Tue Jan 30 16:23:02 2024: Starting Socket connection
Tue Jan 30 16:23:02 2024: Dispatch Server: Accepted socket connection from client
Tue Jan 30 16:23:02 2024: Starting Socket connection
Tue Jan 30 16:23:02 2024: Dispatch Server: Accepted socket connection from client
Tue Jan 30 16:23:02 2024: Starting Socket connection
Tue Jan 30 16:23:02 2024: Dispatch Server: Accepted socket connection from client
Tue Jan 30 16:23:02 2024: Starting Socket connection
Tue Jan 30 16:23:02 2024: Dispatch Server: Accepted socket connection from client
Tue Jan 30 16:23:02 2024: Starting Socket connection
Tue Jan 30 16:23:02 2024: Dispatch Server: Accepted socket connection from client
Tue Jan 30 16:23:02 2024: Starting Socket connection
Tue Jan 30 16:24:02 2024: Dispatch Server: Accepted socket connection from client
Tue Jan 30 16:24:02 2024: Starting Socket connection
Tue Jan 30 16:24:02 2024: Dispatch Server: Accepted socket connection from client
Tue Jan 30 16:24:02 2024: Starting Socket connection
Tue Jan 30 16:24:05 2024: Dispatch Server: Accepted socket connection from client
Tue Jan 30 16:24:05 2024: Starting Socket connection
Tue Jan 30 16:24:05 2024: Dispatch Server: Accepted socket connection from client
Tue Jan 30 16:24:05 2024: Starting Socket connection
Tue Jan 30 16:24:08 2024: Dispatch Server: Accepted socket connection from client
Tue Jan 30 16:24:08 2024: Starting Socket connection
Tue Jan 30 16:24:08 2024: Dispatch Server: Accepted socket connection from client
Tue Jan 30 16:24:08 2024: Starting Socket connection
Tue Jan 30 16:24:11 2024: Dispatch Server: Accepted socket connection from client
Tue Jan 30 16:24:11 2024: Starting Socket connection
Tue Jan 30 16:24:20 2024: Dispatch Server: Accepted socket connection from client
Tue Jan 30 16:24:20 2024: Starting Socket connection
Tue Jan 30 16:24:22 2024: Dispatch Server: Accepted socket connection from client
Tue Jan 30 16:24:22 2024: Starting Socket connection
Tue Jan 30 16:25:01 2024: Dispatch Server: Accepted socket connection from client
Tue Jan 30 16:25:01 2024: Starting Socket connection
Tue Jan 30 16:25:10 2024: Dispatch Server: Accepted socket connection from client
Tue Jan 30 16:25:10 2024: Starting Socket connection
Tue Jan 30 16:25:13 2024: Dispatch Server: Accepted socket connection from client
Tue Jan 30 16:25:13 2024: Starting Socket connection
Tue Jan 30 16:25:21 2024: Dispatch Server: Accepted socket connection from client
Tue Jan 30 16:25:21 2024: Starting Socket connection
Tue Jan 30 16:25:21 2024: Dispatch Server: Accepted socket connection from client
Tue Jan 30 16:25:21 2024: Starting Socket connection
Tue Jan 30 16:25:35 2024: Dispatch Server: Accepted socket connection from client
Tue Jan 30 16:25:35 2024: Starting Socket connection
Tue Jan 30 16:25:39 2024: Dispatch Server: Accepted socket connection from client
Tue Jan 30 16:25:39 2024: Starting Socket connection
Tue Jan 30 16:26:03 2024: Dispatch Server: Accepted socket connection from client
Tue Jan 30 16:26:03 2024: Starting Socket connection
Tue Jan 30 16:26:03 2024: Dispatch Server: Accepted socket connection from client
Tue Jan 30 16:26:03 2024: Starting Socket connection
Tue Jan 30 16:26:14 2024: Dispatch Server: Accepted socket connection from client
Tue Jan 30 16:26:14 2024: Starting Socket connection
Tue Jan 30 16:26:14 2024: Dispatch Server: Accepted socket connection from client
Tue Jan 30 16:26:14 2024: Starting Socket connection
Tue Jan 30 16:26:17 2024: Dispatch Server: Accepted socket connection from client
Tue Jan 30 16:26:17 2024: Starting Socket connection
Tue Jan 30 16:26:17 2024: Dispatch Server: Accepted socket connection from client
Tue Jan 30 16:26:17 2024: Starting Socket connection
Tue Jan 30 16:26:21 2024: Dispatch Server: Accepted socket connection from client
Tue Jan 30 16:26:21 2024: Starting Socket connection
Tue Jan 30 16:26:29 2024: Dispatch Server: Accepted socket connection from client
Tue Jan 30 16:26:29 2024: Starting Socket connection
Tue Jan 30 16:26:29 2024: Dispatch Server: Accepted socket connection from client
Tue Jan 30 16:26:29 2024: Starting Socket connection
Tue Jan 30 16:26:29 2024: Dispatch Server: Accepted socket connection from client
Tue Jan 30 16:26:29 2024: Starting Socket connection
Tue Jan 30 16:26:37 2024: Dispatch Server: Accepted socket connection from client
Tue Jan 30 16:26:37 2024: Starting Socket connection
Tue Jan 30 16:27:06 2024: Dispatch Server: Accepted socket connection from client
Tue Jan 30 16:27:06 2024: Starting Socket connection
Tue Jan 30 16:27:23 2024: Dispatch Server: Accepted socket connection from client
Tue Jan 30 16:27:23 2024: Starting Socket connection
Tue Jan 30 16:27:23 2024: Dispatch Server: Accepted socket connection from client
Tue Jan 30 16:27:23 2024: Starting Socket connection
Tue Jan 30 16:27:23 2024: Dispatch Server: Accepted socket connection from client
Tue Jan 30 16:27:23 2024: Starting Socket connection
Tue Jan 30 16:27:23 2024: Dispatch Server: Accepted socket connection from client
Tue Jan 30 16:27:23 2024: Starting Socket connection
Tue Jan 30 16:27:26 2024: Dispatch Server: Accepted socket connection from client
Tue Jan 30 16:27:26 2024: Starting Socket connection
Tue Jan 30 16:27:37 2024: Dispatch Server: Accepted socket connection from client
Tue Jan 30 16:27:37 2024: Starting Socket connection
Tue Jan 30 16:27:37 2024: Dispatch Server: Accepted socket connection from client
Tue Jan 30 16:27:37 2024: Starting Socket connection
Tue Jan 30 16:27:38 2024: Dispatch Server: Accepted socket connection from client
Tue Jan 30 16:27:38 2024: Starting Socket connection
Tue Jan 30 16:27:38 2024: Dispatch Server: Accepted socket connection from client
Tue Jan 30 16:27:38 2024: Starting Socket connection
Tue Jan 30 16:27:38 2024: Dispatch Server: Accepted socket connection from client
Tue Jan 30 16:27:38 2024: Starting Socket connection
Tue Jan 30 16:27:38 2024: Dispatch Server: Accepted socket connection from client
Tue Jan 30 16:27:38 2024: Starting Socket connection
Tue Jan 30 16:27:52 2024: Dispatch Server: Accepted socket connection from client
Tue Jan 30 16:27:52 2024: Starting Socket connection
Tue Jan 30 16:27:52 2024: Dispatch Server: Accepted socket connection from client
Tue Jan 30 16:27:52 2024: Starting Socket connection
Tue Jan 30 16:27:52 2024: Dispatch Server: Accepted socket connection from client
Tue Jan 30 16:27:52 2024: Starting Socket connection
Tue Jan 30 16:27:52 2024: Dispatch Server: Accepted socket connection from client
Tue Jan 30 16:27:52 2024: Starting Socket connection
Tue Jan 30 16:27:52 2024: Dispatch Server: Accepted socket connection from client
Tue Jan 30 16:27:52 2024: Starting Socket connection
Tue Jan 30 16:27:52 2024: Dispatch Server: Accepted socket connection from client
Tue Jan 30 16:27:52 2024: Starting Socket connection
Tue Jan 30 16:27:53 2024: Dispatch Server: Accepted socket connection from client
Tue Jan 30 16:27:53 2024: Starting Socket connection
Tue Jan 30 16:28:07 2024: Dispatch Server: Accepted socket connection from client
Tue Jan 30 16:28:07 2024: Starting Socket connection
Tue Jan 30 16:28:07 2024: Dispatch Server: Accepted socket connection from client
Tue Jan 30 16:28:07 2024: Starting Socket connection
Tue Jan 30 16:28:07 2024: Dispatch Server: Accepted socket connection from client
Tue Jan 30 16:28:07 2024: Starting Socket connection
Tue Jan 30 16:28:07 2024: Dispatch Server: Accepted socket connection from client
Tue Jan 30 16:28:07 2024: Starting Socket connection
Tue Jan 30 16:28:07 2024: Dispatch Server: Accepted socket connection from client
Tue Jan 30 16:28:07 2024: Starting Socket connection
Tue Jan 30 16:28:07 2024: Dispatch Server: Accepted socket connection from client
Tue Jan 30 16:28:07 2024: Starting Socket connection
Tue Jan 30 16:28:07 2024: Dispatch Server: Accepted socket connection from client
Tue Jan 30 16:28:07 2024: Starting Socket connection
Tue Jan 30 16:28:58 2024: Dispatch Server: Accepted socket connection from client
Tue Jan 30 16:28:58 2024: Starting Socket connection
Tue Jan 30 16:29:01 2024: Dispatch Server: Accepted socket connection from client
Tue Jan 30 16:29:01 2024: Starting Socket connection
Tue Jan 30 16:29:05 2024: Dispatch Server: Accepted socket connection from client
Tue Jan 30 16:29:05 2024: Starting Socket connection
Tue Jan 30 16:29:07 2024: Dispatch Server: Accepted socket connection from client
Tue Jan 30 16:29:07 2024: Starting Socket connection
Tue Jan 30 16:29:07 2024: Dispatch Server: Accepted socket connection from client
Tue Jan 30 16:29:07 2024: Starting Socket connection
Tue Jan 30 16:29:07 2024: Dispatch Server: Accepted socket connection from client
Tue Jan 30 16:29:07 2024: Starting Socket connection
Tue Jan 30 16:29:08 2024: Dispatch Server: Accepted socket connection from client
Tue Jan 30 16:29:08 2024: Starting Socket connection
Tue Jan 30 16:29:08 2024: Dispatch Server: Accepted socket connection from client
Tue Jan 30 16:29:08 2024: Starting Socket connection
Tue Jan 30 16:29:19 2024: Dispatch Server: Accepted socket connection from client
Tue Jan 30 16:29:19 2024: Starting Socket connection
Tue Jan 30 16:29:19 2024: Dispatch Server: Accepted socket connection from client
Tue Jan 30 16:29:19 2024: Starting Socket connection
Tue Jan 30 16:29:19 2024: Dispatch Server: Accepted socket connection from client
Tue Jan 30 16:29:19 2024: Starting Socket connection
Tue Jan 30 16:29:35 2024: Dispatch Server: Accepted socket connection from client
Tue Jan 30 16:29:35 2024: Starting Socket connection
Tue Jan 30 16:29:50 2024: Dispatch Server: Accepted socket connection from client
Tue Jan 30 16:29:50 2024: Starting Socket connection
Tue Jan 30 16:29:58 2024: Dispatch Server: Accepted socket connection from client
Tue Jan 30 16:29:58 2024: Starting Socket connection
Tue Jan 30 16:29:58 2024: Dispatch Server: Accepted socket connection from client
Tue Jan 30 16:29:58 2024: Starting Socket connection
Tue Jan 30 16:30:04 2024: Dispatch Server: Accepted socket connection from client
Tue Jan 30 16:30:04 2024: Starting Socket connection
Tue Jan 30 16:30:08 2024: Dispatch Server: Accepted socket connection from client
Tue Jan 30 16:30:08 2024: Starting Socket connection
Tue Jan 30 16:30:08 2024: Dispatch Server: Accepted socket connection from client
Tue Jan 30 16:30:08 2024: Starting Socket connection
Tue Jan 30 16:30:08 2024: Dispatch Server: Accepted socket connection from client
Tue Jan 30 16:30:08 2024: Starting Socket connection
Tue Jan 30 16:30:10 2024: Dispatch Server: Accepted socket connection from client
Tue Jan 30 16:30:10 2024: Starting Socket connection
Tue Jan 30 16:30:10 2024: Dispatch Server: Accepted socket connection from client
Tue Jan 30 16:30:10 2024: Starting Socket connection
Tue Jan 30 16:30:18 2024: Dispatch Server: Accepted socket connection from client
Tue Jan 30 16:30:18 2024: Starting Socket connection
Tue Jan 30 16:30:19 2024: Dispatch Server: Accepted socket connection from client
Tue Jan 30 16:30:19 2024: Starting Socket connection
Tue Jan 30 16:30:21 2024: Dispatch Server: Accepted socket connection from client
Tue Jan 30 16:30:21 2024: Starting Socket connection
Tue Jan 30 16:30:21 2024: Dispatch Server: Accepted socket connection from client
Tue Jan 30 16:30:21 2024: Starting Socket connection
Tue Jan 30 16:30:22 2024: Dispatch Server: Accepted socket connection from client
Tue Jan 30 16:30:22 2024: Starting Socket connection
Tue Jan 30 16:30:24 2024: Dispatch Server: Accepted socket connection from client
Tue Jan 30 16:30:24 2024: Starting Socket connection
Tue Jan 30 16:30:33 2024: Dispatch Server: Accepted socket connection from client
Tue Jan 30 16:30:33 2024: Starting Socket connection
Tue Jan 30 16:30:33 2024: Dispatch Server: Accepted socket connection from client
Tue Jan 30 16:30:33 2024: Starting Socket connection
Tue Jan 30 16:30:33 2024: Dispatch Server: Accepted socket connection from client
Tue Jan 30 16:30:33 2024: Starting Socket connection
Tue Jan 30 16:30:36 2024: Dispatch Server: Accepted socket connection from client
Tue Jan 30 16:30:36 2024: Starting Socket connection
Tue Jan 30 16:30:36 2024: Dispatch Server: Accepted socket connection from client
Tue Jan 30 16:30:36 2024: Starting Socket connection
Tue Jan 30 16:30:39 2024: Dispatch Server: Accepted socket connection from client
Tue Jan 30 16:30:39 2024: Starting Socket connection
Tue Jan 30 16:30:47 2024: Dispatch Server: Accepted socket connection from client
Tue Jan 30 16:30:47 2024: Starting Socket connection
Tue Jan 30 16:31:10 2024: Dispatch Server: Accepted socket connection from client
Tue Jan 30 16:31:10 2024: Starting Socket connection
Tue Jan 30 16:31:28 2024: Dispatch Server: Accepted socket connection from client
Tue Jan 30 16:31:28 2024: Starting Socket connection
Tue Jan 30 16:31:29 2024: Dispatch Server: Accepted socket connection from client
Tue Jan 30 16:31:29 2024: Starting Socket connection
Tue Jan 30 16:31:32 2024: Dispatch Server: Accepted socket connection from client
Tue Jan 30 16:31:32 2024: Starting Socket connection
Tue Jan 30 16:31:35 2024: Dispatch Server: Accepted socket connection from client
Tue Jan 30 16:31:35 2024: Starting Socket connection
Tue Jan 30 16:31:47 2024: Dispatch Server: Accepted socket connection from client
Tue Jan 30 16:31:47 2024: Starting Socket connection
Tue Jan 30 16:31:47 2024: Dispatch Server: Accepted socket connection from client
Tue Jan 30 16:31:47 2024: Starting Socket connection
Tue Jan 30 16:31:57 2024: Dispatch Server: Accepted socket connection from client
Tue Jan 30 16:31:57 2024: Starting Socket connection
Tue Jan 30 16:31:59 2024: Dispatch Server: Accepted socket connection from client
Tue Jan 30 16:31:59 2024: Starting Socket connection
Tue Jan 30 16:31:59 2024: Dispatch Server: Accepted socket connection from client
Tue Jan 30 16:31:59 2024: Starting Socket connection
Tue Jan 30 16:32:11 2024: Dispatch Server: Accepted socket connection from client
Tue Jan 30 16:32:11 2024: Starting Socket connection
Tue Jan 30 16:32:11 2024: Dispatch Server: Accepted socket connection from client
Tue Jan 30 16:32:11 2024: Starting Socket connection
Tue Jan 30 16:32:11 2024: Dispatch Server: Accepted socket connection from client
Tue Jan 30 16:32:11 2024: Starting Socket connection
Tue Jan 30 16:32:12 2024: Dispatch Server: Accepted socket connection from client
Tue Jan 30 16:32:12 2024: Starting Socket connection
Tue Jan 30 16:32:25 2024: Dispatch Server: Accepted socket connection from client
Tue Jan 30 16:32:25 2024: Starting Socket connection
Tue Jan 30 16:32:25 2024: Dispatch Server: Accepted socket connection from client
Tue Jan 30 16:32:25 2024: Starting Socket connection
Tue Jan 30 16:32:26 2024: Dispatch Server: Accepted socket connection from client
Tue Jan 30 16:32:26 2024: Starting Socket connection
Tue Jan 30 16:32:29 2024: Dispatch Server: Accepted socket connection from client
Tue Jan 30 16:32:29 2024: Starting Socket connection
Tue Jan 30 16:32:29 2024: Dispatch Server: Accepted socket connection from client
Tue Jan 30 16:32:29 2024: Starting Socket connection
Tue Jan 30 16:32:41 2024: Dispatch Server: Accepted socket connection from client
Tue Jan 30 16:32:41 2024: Starting Socket connection
Tue Jan 30 16:32:41 2024: Dispatch Server: Accepted socket connection from client
Tue Jan 30 16:32:41 2024: Starting Socket connection
Tue Jan 30 16:32:41 2024: Dispatch Server: Accepted socket connection from client
Tue Jan 30 16:32:41 2024: Starting Socket connection
Tue Jan 30 16:33:14 2024: Dispatch Server: Accepted socket connection from client
Tue Jan 30 16:33:14 2024: Starting Socket connection
Tue Jan 30 16:33:17 2024: Dispatch Server: Accepted socket connection from client
Tue Jan 30 16:33:17 2024: Starting Socket connection
Tue Jan 30 16:33:27 2024: Dispatch Server: Accepted socket connection from client
Tue Jan 30 16:33:27 2024: Starting Socket connection
Tue Jan 30 16:33:27 2024: Dispatch Server: Accepted socket connection from client
Tue Jan 30 16:33:27 2024: Starting Socket connection
Tue Jan 30 16:33:30 2024: Dispatch Server: Accepted socket connection from client
Tue Jan 30 16:33:30 2024: Starting Socket connection
Tue Jan 30 16:33:44 2024: Dispatch Server: Accepted socket connection from client
Tue Jan 30 16:33:44 2024: Starting Socket connection
Tue Jan 30 16:33:44 2024: Dispatch Server: Accepted socket connection from client
Tue Jan 30 16:33:44 2024: Starting Socket connection
Tue Jan 30 16:33:44 2024: Dispatch Server: Accepted socket connection from client
Tue Jan 30 16:33:44 2024: Starting Socket connection
Tue Jan 30 16:34:17 2024: Dispatch Server: Accepted socket connection from client
Tue Jan 30 16:34:17 2024: Starting Socket connection
Tue Jan 30 16:34:24 2024: Dispatch Server: Accepted socket connection from client
Tue Jan 30 16:34:24 2024: Starting Socket connection
Tue Jan 30 16:34:26 2024: Dispatch Server: Accepted socket connection from client
Tue Jan 30 16:34:26 2024: Starting Socket connection
Tue Jan 30 16:34:26 2024: Dispatch Server: Accepted socket connection from client
Tue Jan 30 16:34:26 2024: Starting Socket connection
Tue Jan 30 16:34:32 2024: Dispatch Server: Accepted socket connection from client
Tue Jan 30 16:34:32 2024: Starting Socket connection
Tue Jan 30 16:34:32 2024: Dispatch Server: Accepted socket connection from client
Tue Jan 30 16:34:32 2024: Starting Socket connection
Tue Jan 30 16:34:46 2024: Dispatch Server: Accepted socket connection from client
Tue Jan 30 16:34:46 2024: Starting Socket connection
Tue Jan 30 16:34:46 2024: Dispatch Server: Accepted socket connection from client
Tue Jan 30 16:34:46 2024: Starting Socket connection
Tue Jan 30 16:34:46 2024: Dispatch Server: Accepted socket connection from client
Tue Jan 30 16:34:46 2024: Starting Socket connection
Tue Jan 30 16:35:02 2024: Dispatch Server: Accepted socket connection from client
Tue Jan 30 16:35:02 2024: Starting Socket connection
Tue Jan 30 16:35:02 2024: Dispatch Server: Accepted socket connection from client
Tue Jan 30 16:35:02 2024: Starting Socket connection
Tue Jan 30 16:35:26 2024: Dispatch Server: Accepted socket connection from client
Tue Jan 30 16:35:26 2024: Starting Socket connection
Tue Jan 30 16:35:52 2024: Dispatch Server: Accepted socket connection from client
Tue Jan 30 16:35:52 2024: Starting Socket connection
Tue Jan 30 16:36:05 2024: Dispatch Server: Accepted socket connection from client
Tue Jan 30 16:36:05 2024: Starting Socket connection
Tue Jan 30 16:36:05 2024: Dispatch Server: Accepted socket connection from client
Tue Jan 30 16:36:05 2024: Starting Socket connection
Tue Jan 30 16:38:14 2024: Dispatch Server: Accepted socket connection from client
Tue Jan 30 16:38:14 2024: Starting Socket connection
Tue Jan 30 16:39:36 2024: Dispatch Server: Accepted socket connection from client
Tue Jan 30 16:39:36 2024: Starting Socket connection
Tue Jan 30 17:55:37 2024: SESSION_MGR: closing session for UUID 'c14e07c6-9286-43ce-a852-7aa8e419e655' with name 'v++_link_mmul_kernel_0'
Tue Jan 30 17:55:37 2024: KERNEL_SVC: closing session for UUID 'c14e07c6-9286-43ce-a852-7aa8e419e655' with name 'v++_link_mmul_kernel_0'
Tue Jan 30 17:55:37 2024: GUIDANCE_SMGR: closing session for UUID 'c14e07c6-9286-43ce-a852-7aa8e419e655' with name 'v++_link_mmul_kernel_0'
Tue Jan 30 17:55:37 2024: SYSTEM_DIAGRAM: closing session for UUID 'c14e07c6-9286-43ce-a852-7aa8e419e655' with name 'v++_link_mmul_kernel_0'
Tue Jan 30 17:55:37 2024: STOP_SERVER received, server token: 7955ae35-1b37-44c5-b66b-0fcc5d3db15f, passed token: 7955ae35-1b37-44c5-b66b-0fcc5d3db15f
Tue Jan 30 17:55:37 2024: Socket received request to stop server.
Tue Jan 30 17:55:37 2024: Dispatch Server: do_await_stop
Tue Jan 30 17:55:37 2024: Dispatch Server: stopping mainFifo_
Tue Jan 30 17:55:37 2024: XCD main fifo: Stopping
Tue Jan 30 17:55:37 2024: XCD main fifo: do_read error code: Operation canceled
Tue Jan 30 17:55:37 2024: XCD main fifo: bytes_transferred: 0
Tue Jan 30 17:55:37 2024: SERVER: destructor for server bound to port 37581
Tue Jan 30 17:55:37 2024: XCD main fifo: Good unlink of /tmp/xcdmain7955ae35-1b37-44c5-b66b-0fcc5d3db15f
Tue Jan 30 17:55:37 2024: Server exiting with status 0.
Tue Jan 30 17:55:37 2024: Closing log file.
Wed Jan 31 12:48:00 2024: Running xcd server. This server was built by gradle.
Wed Jan 31 12:48:00 2024: Server was asked to start on port: '39821'
Wed Jan 31 12:48:00 2024: Server is using token UUID: '0bbe1f7a-edf4-4f96-98eb-2516480f32ec'
Wed Jan 31 12:48:00 2024: SESSION_MGR: creating session with session uuid: '6d04a3e9-ade5-4ab9-8d63-1f78fcd2ec76' and name 'default'
Wed Jan 31 12:48:00 2024: Attempting to start server on port '39821'
Wed Jan 31 12:48:00 2024: XCD main fifo: created main fifo '/tmp/xcdmain0bbe1f7a-edf4-4f96-98eb-2516480f32ec', fd read = 13
Wed Jan 31 12:48:00 2024: Running Dispatch Server
Wed Jan 31 12:48:00 2024: Version 2.2.0
Wed Jan 31 12:48:09 2024: Dispatch Server: Accepted socket connection from client
Wed Jan 31 12:48:09 2024: Starting Socket connection
Wed Jan 31 12:48:09 2024: EXCHANGE_TOKEN received, server token: 0bbe1f7a-edf4-4f96-98eb-2516480f32ec, passed token: 0bbe1f7a-edf4-4f96-98eb-2516480f32ec
Wed Jan 31 12:48:09 2024: DISPATCH_HANDLER: Adding handler from function makeHandler in library libxv_system_diagram
Wed Jan 31 12:48:09 2024: SESSION_MGR: creating session with session uuid: '98f03c49-a9a3-4b97-87ac-5fb01f5642ba' and name 'v++_compile_mmul_kernel_0'
Wed Jan 31 12:48:09 2024: KERNEL_SVC: creating session with uuid: '98f03c49-a9a3-4b97-87ac-5fb01f5642ba' and name 'v++_compile_mmul_kernel_0'
Wed Jan 31 12:48:09 2024: GUIDANCE_SMGR: creating guidance session with uuid: '98f03c49-a9a3-4b97-87ac-5fb01f5642ba' and name 'v++_compile_mmul_kernel_0'
Wed Jan 31 12:48:09 2024: SYSTEM_DIAGRAM: creating session with uuid: '98f03c49-a9a3-4b97-87ac-5fb01f5642ba' and name 'v++_compile_mmul_kernel_0'
Wed Jan 31 12:48:16 2024: Dispatch Server: Accepted socket connection from client
Wed Jan 31 12:48:16 2024: Starting Socket connection
Wed Jan 31 12:48:44 2024: SESSION_MGR: closing session for UUID '98f03c49-a9a3-4b97-87ac-5fb01f5642ba' with name 'v++_compile_mmul_kernel_0'
Wed Jan 31 12:48:44 2024: KERNEL_SVC: closing session for UUID '98f03c49-a9a3-4b97-87ac-5fb01f5642ba' with name 'v++_compile_mmul_kernel_0'
Wed Jan 31 12:48:44 2024: GUIDANCE_SMGR: closing session for UUID '98f03c49-a9a3-4b97-87ac-5fb01f5642ba' with name 'v++_compile_mmul_kernel_0'
Wed Jan 31 12:48:44 2024: SYSTEM_DIAGRAM: closing session for UUID '98f03c49-a9a3-4b97-87ac-5fb01f5642ba' with name 'v++_compile_mmul_kernel_0'
Wed Jan 31 12:48:44 2024: STOP_SERVER received, server token: 0bbe1f7a-edf4-4f96-98eb-2516480f32ec, passed token: 0bbe1f7a-edf4-4f96-98eb-2516480f32ec
Wed Jan 31 12:48:44 2024: Socket received request to stop server.
Wed Jan 31 12:48:44 2024: Dispatch Server: do_await_stop
Wed Jan 31 12:48:44 2024: Dispatch Server: stopping mainFifo_
Wed Jan 31 12:48:44 2024: XCD main fifo: Stopping
Wed Jan 31 12:48:44 2024: XCD main fifo: do_read error code: Operation canceled
Wed Jan 31 12:48:44 2024: XCD main fifo: bytes_transferred: 0
Wed Jan 31 12:48:44 2024: SERVER: destructor for server bound to port 39821
Wed Jan 31 12:48:44 2024: XCD main fifo: Good unlink of /tmp/xcdmain0bbe1f7a-edf4-4f96-98eb-2516480f32ec
Wed Jan 31 12:48:44 2024: Server exiting with status 0.
Wed Jan 31 12:48:44 2024: Closing log file.
Wed Jan 31 12:48:47 2024: Running xcd server. This server was built by gradle.
Wed Jan 31 12:48:47 2024: Server was asked to start on port: '37403'
Wed Jan 31 12:48:47 2024: Server is using token UUID: 'b12d51a5-bab4-4473-b0fa-28e13ce78eb4'
Wed Jan 31 12:48:47 2024: SESSION_MGR: creating session with session uuid: '6d04a3e9-ade5-4ab9-8d63-1f78fcd2ec76' and name 'default'
Wed Jan 31 12:48:47 2024: Attempting to start server on port '37403'
Wed Jan 31 12:48:47 2024: XCD main fifo: created main fifo '/tmp/xcdmainb12d51a5-bab4-4473-b0fa-28e13ce78eb4', fd read = 12
Wed Jan 31 12:48:47 2024: Running Dispatch Server
Wed Jan 31 12:48:47 2024: Version 2.2.0
Wed Jan 31 12:48:56 2024: Dispatch Server: Accepted socket connection from client
Wed Jan 31 12:48:56 2024: Starting Socket connection
Wed Jan 31 12:48:56 2024: EXCHANGE_TOKEN received, server token: b12d51a5-bab4-4473-b0fa-28e13ce78eb4, passed token: b12d51a5-bab4-4473-b0fa-28e13ce78eb4
Wed Jan 31 12:48:56 2024: DISPATCH_HANDLER: Adding handler from function makeHandler in library libxv_system_diagram
Wed Jan 31 12:48:56 2024: SESSION_MGR: creating session with session uuid: '39c30739-018a-446a-8e67-3186ed4310bc' and name 'v++_link_mmul_kernel_0'
Wed Jan 31 12:48:56 2024: KERNEL_SVC: creating session with uuid: '39c30739-018a-446a-8e67-3186ed4310bc' and name 'v++_link_mmul_kernel_0'
Wed Jan 31 12:48:56 2024: GUIDANCE_SMGR: creating guidance session with uuid: '39c30739-018a-446a-8e67-3186ed4310bc' and name 'v++_link_mmul_kernel_0'
Wed Jan 31 12:48:56 2024: SYSTEM_DIAGRAM: creating session with uuid: '39c30739-018a-446a-8e67-3186ed4310bc' and name 'v++_link_mmul_kernel_0'
Wed Jan 31 12:49:24 2024: Dispatch Server: Accepted socket connection from client
Wed Jan 31 12:49:24 2024: Starting Socket connection
Wed Jan 31 12:49:33 2024: Dispatch Server: Accepted socket connection from client
Wed Jan 31 12:49:33 2024: Starting Socket connection
Wed Jan 31 12:50:58 2024: Dispatch Server: Accepted socket connection from client
Wed Jan 31 12:50:58 2024: Starting Socket connection
Wed Jan 31 12:50:58 2024: Dispatch Server: Accepted socket connection from client
Wed Jan 31 12:50:58 2024: Starting Socket connection
Wed Jan 31 12:50:58 2024: Dispatch Server: Accepted socket connection from client
Wed Jan 31 12:50:58 2024: Starting Socket connection
Wed Jan 31 12:50:58 2024: Dispatch Server: Accepted socket connection from client
Wed Jan 31 12:50:58 2024: Starting Socket connection
Wed Jan 31 12:50:58 2024: Dispatch Server: Accepted socket connection from client
Wed Jan 31 12:50:58 2024: Starting Socket connection
Wed Jan 31 12:50:58 2024: Dispatch Server: Accepted socket connection from client
Wed Jan 31 12:50:58 2024: Starting Socket connection
Wed Jan 31 12:52:53 2024: Dispatch Server: Accepted socket connection from client
Wed Jan 31 12:52:53 2024: Starting Socket connection
Wed Jan 31 12:53:50 2024: Dispatch Server: Accepted socket connection from client
Wed Jan 31 12:53:50 2024: Starting Socket connection
Wed Jan 31 12:54:57 2024: Dispatch Server: Accepted socket connection from client
Wed Jan 31 12:54:57 2024: Starting Socket connection
Wed Jan 31 14:10:05 2024: SESSION_MGR: closing session for UUID '39c30739-018a-446a-8e67-3186ed4310bc' with name 'v++_link_mmul_kernel_0'
Wed Jan 31 14:10:05 2024: KERNEL_SVC: closing session for UUID '39c30739-018a-446a-8e67-3186ed4310bc' with name 'v++_link_mmul_kernel_0'
Wed Jan 31 14:10:05 2024: GUIDANCE_SMGR: closing session for UUID '39c30739-018a-446a-8e67-3186ed4310bc' with name 'v++_link_mmul_kernel_0'
Wed Jan 31 14:10:05 2024: SYSTEM_DIAGRAM: closing session for UUID '39c30739-018a-446a-8e67-3186ed4310bc' with name 'v++_link_mmul_kernel_0'
Wed Jan 31 14:10:05 2024: STOP_SERVER received, server token: b12d51a5-bab4-4473-b0fa-28e13ce78eb4, passed token: b12d51a5-bab4-4473-b0fa-28e13ce78eb4
Wed Jan 31 14:10:05 2024: Socket received request to stop server.
Wed Jan 31 14:10:05 2024: Dispatch Server: do_await_stop
Wed Jan 31 14:10:05 2024: Dispatch Server: stopping mainFifo_
Wed Jan 31 14:10:05 2024: XCD main fifo: Stopping
Wed Jan 31 14:10:05 2024: XCD main fifo: do_read error code: Operation canceled
Wed Jan 31 14:10:05 2024: XCD main fifo: bytes_transferred: 0
Wed Jan 31 14:10:05 2024: SERVER: destructor for server bound to port 37403
Wed Jan 31 14:10:05 2024: XCD main fifo: Good unlink of /tmp/xcdmainb12d51a5-bab4-4473-b0fa-28e13ce78eb4
Wed Jan 31 14:10:05 2024: Server exiting with status 0.
Wed Jan 31 14:10:05 2024: Closing log file.
Fri Mar 15 22:09:04 2024: Running xcd server. This server was built by gradle.
Fri Mar 15 22:09:04 2024: Server was asked to start on port: '34191'
Fri Mar 15 22:09:04 2024: Server is using token UUID: '90156312-bf95-4549-a588-f8113379279d'
Fri Mar 15 22:09:04 2024: SESSION_MGR: creating session with session uuid: '6d04a3e9-ade5-4ab9-8d63-1f78fcd2ec76' and name 'default'
Fri Mar 15 22:09:04 2024: Attempting to start server on port '34191'
Fri Mar 15 22:09:04 2024: XCD main fifo: created main fifo '/tmp/xcdmain90156312-bf95-4549-a588-f8113379279d', fd read = 13
Fri Mar 15 22:09:04 2024: Running Dispatch Server
Fri Mar 15 22:09:04 2024: Version 2.2.0
Fri Mar 15 22:09:13 2024: Dispatch Server: Accepted socket connection from client
Fri Mar 15 22:09:13 2024: Starting Socket connection
Fri Mar 15 22:09:13 2024: EXCHANGE_TOKEN received, server token: 90156312-bf95-4549-a588-f8113379279d, passed token: 90156312-bf95-4549-a588-f8113379279d
Fri Mar 15 22:09:13 2024: DISPATCH_HANDLER: Adding handler from function makeHandler in library libxv_system_diagram
Fri Mar 15 22:09:13 2024: SESSION_MGR: creating session with session uuid: '4812ca81-453a-43dc-ae04-34d90d0a9de1' and name 'v++_compile_mmul_kernel_0'
Fri Mar 15 22:09:13 2024: KERNEL_SVC: creating session with uuid: '4812ca81-453a-43dc-ae04-34d90d0a9de1' and name 'v++_compile_mmul_kernel_0'
Fri Mar 15 22:09:13 2024: GUIDANCE_SMGR: creating guidance session with uuid: '4812ca81-453a-43dc-ae04-34d90d0a9de1' and name 'v++_compile_mmul_kernel_0'
Fri Mar 15 22:09:13 2024: SYSTEM_DIAGRAM: creating session with uuid: '4812ca81-453a-43dc-ae04-34d90d0a9de1' and name 'v++_compile_mmul_kernel_0'
Fri Mar 15 22:09:20 2024: Dispatch Server: Accepted socket connection from client
Fri Mar 15 22:09:20 2024: Starting Socket connection
Fri Mar 15 22:09:47 2024: SESSION_MGR: closing session for UUID '4812ca81-453a-43dc-ae04-34d90d0a9de1' with name 'v++_compile_mmul_kernel_0'
Fri Mar 15 22:09:47 2024: KERNEL_SVC: closing session for UUID '4812ca81-453a-43dc-ae04-34d90d0a9de1' with name 'v++_compile_mmul_kernel_0'
Fri Mar 15 22:09:47 2024: GUIDANCE_SMGR: closing session for UUID '4812ca81-453a-43dc-ae04-34d90d0a9de1' with name 'v++_compile_mmul_kernel_0'
Fri Mar 15 22:09:48 2024: SYSTEM_DIAGRAM: closing session for UUID '4812ca81-453a-43dc-ae04-34d90d0a9de1' with name 'v++_compile_mmul_kernel_0'
Fri Mar 15 22:09:48 2024: STOP_SERVER received, server token: 90156312-bf95-4549-a588-f8113379279d, passed token: 90156312-bf95-4549-a588-f8113379279d
Fri Mar 15 22:09:48 2024: Socket received request to stop server.
Fri Mar 15 22:09:48 2024: Dispatch Server: do_await_stop
Fri Mar 15 22:09:48 2024: Dispatch Server: stopping mainFifo_
Fri Mar 15 22:09:48 2024: XCD main fifo: Stopping
Fri Mar 15 22:09:48 2024: XCD main fifo: do_read error code: Operation canceled
Fri Mar 15 22:09:48 2024: XCD main fifo: bytes_transferred: 0
Fri Mar 15 22:09:48 2024: SERVER: destructor for server bound to port 34191
Fri Mar 15 22:09:48 2024: XCD main fifo: Good unlink of /tmp/xcdmain90156312-bf95-4549-a588-f8113379279d
Fri Mar 15 22:09:48 2024: Server exiting with status 0.
Fri Mar 15 22:09:48 2024: Closing log file.
Fri Mar 15 22:09:50 2024: Running xcd server. This server was built by gradle.
Fri Mar 15 22:09:50 2024: Server was asked to start on port: '45353'
Fri Mar 15 22:09:50 2024: Server is using token UUID: 'ac5a31ec-bfc8-410f-a0c1-e0f774cc63e6'
Fri Mar 15 22:09:50 2024: SESSION_MGR: creating session with session uuid: '6d04a3e9-ade5-4ab9-8d63-1f78fcd2ec76' and name 'default'
Fri Mar 15 22:09:50 2024: Attempting to start server on port '45353'
Fri Mar 15 22:09:50 2024: XCD main fifo: created main fifo '/tmp/xcdmainac5a31ec-bfc8-410f-a0c1-e0f774cc63e6', fd read = 12
Fri Mar 15 22:09:50 2024: Running Dispatch Server
Fri Mar 15 22:09:50 2024: Version 2.2.0
Fri Mar 15 22:09:59 2024: Dispatch Server: Accepted socket connection from client
Fri Mar 15 22:09:59 2024: Starting Socket connection
Fri Mar 15 22:09:59 2024: EXCHANGE_TOKEN received, server token: ac5a31ec-bfc8-410f-a0c1-e0f774cc63e6, passed token: ac5a31ec-bfc8-410f-a0c1-e0f774cc63e6
Fri Mar 15 22:09:59 2024: DISPATCH_HANDLER: Adding handler from function makeHandler in library libxv_system_diagram
Fri Mar 15 22:09:59 2024: SESSION_MGR: creating session with session uuid: 'a25f4df1-99d2-49ab-ac82-a82995986ad5' and name 'v++_link_mmul_kernel_0'
Fri Mar 15 22:09:59 2024: KERNEL_SVC: creating session with uuid: 'a25f4df1-99d2-49ab-ac82-a82995986ad5' and name 'v++_link_mmul_kernel_0'
Fri Mar 15 22:09:59 2024: GUIDANCE_SMGR: creating guidance session with uuid: 'a25f4df1-99d2-49ab-ac82-a82995986ad5' and name 'v++_link_mmul_kernel_0'
Fri Mar 15 22:09:59 2024: SYSTEM_DIAGRAM: creating session with uuid: 'a25f4df1-99d2-49ab-ac82-a82995986ad5' and name 'v++_link_mmul_kernel_0'
Fri Mar 15 22:10:25 2024: Dispatch Server: Accepted socket connection from client
Fri Mar 15 22:10:25 2024: Starting Socket connection
Fri Mar 15 22:10:37 2024: Dispatch Server: Accepted socket connection from client
Fri Mar 15 22:10:37 2024: Starting Socket connection
Fri Mar 15 22:12:04 2024: Dispatch Server: Accepted socket connection from client
Fri Mar 15 22:12:04 2024: Starting Socket connection
Fri Mar 15 22:19:20 2024: Dispatch Server: Accepted socket connection from client
Fri Mar 15 22:19:20 2024: Starting Socket connection
Fri Mar 15 22:20:27 2024: Dispatch Server: Accepted socket connection from client
Fri Mar 15 22:20:27 2024: Starting Socket connection
Fri Mar 15 22:32:25 2024: SESSION_MGR: closing session for UUID 'a25f4df1-99d2-49ab-ac82-a82995986ad5' with name 'v++_link_mmul_kernel_0'
Fri Mar 15 22:32:25 2024: KERNEL_SVC: closing session for UUID 'a25f4df1-99d2-49ab-ac82-a82995986ad5' with name 'v++_link_mmul_kernel_0'
Fri Mar 15 22:32:25 2024: GUIDANCE_SMGR: closing session for UUID 'a25f4df1-99d2-49ab-ac82-a82995986ad5' with name 'v++_link_mmul_kernel_0'
Fri Mar 15 22:32:25 2024: SYSTEM_DIAGRAM: closing session for UUID 'a25f4df1-99d2-49ab-ac82-a82995986ad5' with name 'v++_link_mmul_kernel_0'
Fri Mar 15 22:32:25 2024: STOP_SERVER received, server token: ac5a31ec-bfc8-410f-a0c1-e0f774cc63e6, passed token: ac5a31ec-bfc8-410f-a0c1-e0f774cc63e6
Fri Mar 15 22:32:25 2024: DISPATCH_HANDLER: 4 connections are active. Stop request denied.
Fri Mar 15 23:03:55 2024: Running xcd server. This server was built by gradle.
Fri Mar 15 23:03:55 2024: Server was asked to start on port: '39421'
Fri Mar 15 23:03:55 2024: Server is using token UUID: '0a05a7c3-6b93-43c9-96a8-c995133867a5'
Fri Mar 15 23:03:55 2024: SESSION_MGR: creating session with session uuid: '6d04a3e9-ade5-4ab9-8d63-1f78fcd2ec76' and name 'default'
Fri Mar 15 23:03:55 2024: Attempting to start server on port '39421'
Fri Mar 15 23:03:55 2024: XCD main fifo: created main fifo '/tmp/xcdmain0a05a7c3-6b93-43c9-96a8-c995133867a5', fd read = 13
Fri Mar 15 23:03:55 2024: Running Dispatch Server
Fri Mar 15 23:03:55 2024: Version 2.2.0
Fri Mar 15 23:04:04 2024: Dispatch Server: Accepted socket connection from client
Fri Mar 15 23:04:04 2024: Starting Socket connection
Fri Mar 15 23:04:04 2024: EXCHANGE_TOKEN received, server token: 0a05a7c3-6b93-43c9-96a8-c995133867a5, passed token: 0a05a7c3-6b93-43c9-96a8-c995133867a5
Fri Mar 15 23:04:04 2024: DISPATCH_HANDLER: Adding handler from function makeHandler in library libxv_system_diagram
Fri Mar 15 23:04:04 2024: SESSION_MGR: creating session with session uuid: '99d53512-228d-4e3a-890e-e6562e728294' and name 'v++_compile_mmul_kernel_0'
Fri Mar 15 23:04:04 2024: KERNEL_SVC: creating session with uuid: '99d53512-228d-4e3a-890e-e6562e728294' and name 'v++_compile_mmul_kernel_0'
Fri Mar 15 23:04:04 2024: GUIDANCE_SMGR: creating guidance session with uuid: '99d53512-228d-4e3a-890e-e6562e728294' and name 'v++_compile_mmul_kernel_0'
Fri Mar 15 23:04:04 2024: SYSTEM_DIAGRAM: creating session with uuid: '99d53512-228d-4e3a-890e-e6562e728294' and name 'v++_compile_mmul_kernel_0'
Fri Mar 15 23:04:11 2024: Dispatch Server: Accepted socket connection from client
Fri Mar 15 23:04:11 2024: Starting Socket connection
Fri Mar 15 23:04:40 2024: SESSION_MGR: closing session for UUID '99d53512-228d-4e3a-890e-e6562e728294' with name 'v++_compile_mmul_kernel_0'
Fri Mar 15 23:04:40 2024: KERNEL_SVC: closing session for UUID '99d53512-228d-4e3a-890e-e6562e728294' with name 'v++_compile_mmul_kernel_0'
Fri Mar 15 23:04:40 2024: GUIDANCE_SMGR: closing session for UUID '99d53512-228d-4e3a-890e-e6562e728294' with name 'v++_compile_mmul_kernel_0'
Fri Mar 15 23:04:40 2024: SYSTEM_DIAGRAM: closing session for UUID '99d53512-228d-4e3a-890e-e6562e728294' with name 'v++_compile_mmul_kernel_0'
Fri Mar 15 23:04:40 2024: STOP_SERVER received, server token: 0a05a7c3-6b93-43c9-96a8-c995133867a5, passed token: 0a05a7c3-6b93-43c9-96a8-c995133867a5
Fri Mar 15 23:04:40 2024: Socket received request to stop server.
Fri Mar 15 23:04:40 2024: Dispatch Server: do_await_stop
Fri Mar 15 23:04:40 2024: Dispatch Server: stopping mainFifo_
Fri Mar 15 23:04:40 2024: XCD main fifo: Stopping
Fri Mar 15 23:04:40 2024: XCD main fifo: do_read error code: Operation canceled
Fri Mar 15 23:04:40 2024: XCD main fifo: bytes_transferred: 0
Fri Mar 15 23:04:40 2024: SERVER: destructor for server bound to port 39421
Fri Mar 15 23:04:40 2024: XCD main fifo: Good unlink of /tmp/xcdmain0a05a7c3-6b93-43c9-96a8-c995133867a5
Fri Mar 15 23:04:40 2024: Server exiting with status 0.
Fri Mar 15 23:04:40 2024: Closing log file.
Fri Mar 15 23:04:43 2024: Running xcd server. This server was built by gradle.
Fri Mar 15 23:04:43 2024: Server was asked to start on port: '42861'
Fri Mar 15 23:04:43 2024: Server is using token UUID: '385ab252-9e6c-45cb-a657-bdfe9a6a44a8'
Fri Mar 15 23:04:43 2024: SESSION_MGR: creating session with session uuid: '6d04a3e9-ade5-4ab9-8d63-1f78fcd2ec76' and name 'default'
Fri Mar 15 23:04:43 2024: Attempting to start server on port '42861'
Fri Mar 15 23:04:43 2024: XCD main fifo: created main fifo '/tmp/xcdmain385ab252-9e6c-45cb-a657-bdfe9a6a44a8', fd read = 12
Fri Mar 15 23:04:43 2024: Running Dispatch Server
Fri Mar 15 23:04:43 2024: Version 2.2.0
Fri Mar 15 23:04:52 2024: Dispatch Server: Accepted socket connection from client
Fri Mar 15 23:04:52 2024: Starting Socket connection
Fri Mar 15 23:04:52 2024: EXCHANGE_TOKEN received, server token: 385ab252-9e6c-45cb-a657-bdfe9a6a44a8, passed token: 385ab252-9e6c-45cb-a657-bdfe9a6a44a8
Fri Mar 15 23:04:52 2024: DISPATCH_HANDLER: Adding handler from function makeHandler in library libxv_system_diagram
Fri Mar 15 23:04:52 2024: SESSION_MGR: creating session with session uuid: '264b3514-412d-45cd-8da3-41c413bf45b3' and name 'v++_link_mmul_kernel_0'
Fri Mar 15 23:04:52 2024: KERNEL_SVC: creating session with uuid: '264b3514-412d-45cd-8da3-41c413bf45b3' and name 'v++_link_mmul_kernel_0'
Fri Mar 15 23:04:52 2024: GUIDANCE_SMGR: creating guidance session with uuid: '264b3514-412d-45cd-8da3-41c413bf45b3' and name 'v++_link_mmul_kernel_0'
Fri Mar 15 23:04:52 2024: SYSTEM_DIAGRAM: creating session with uuid: '264b3514-412d-45cd-8da3-41c413bf45b3' and name 'v++_link_mmul_kernel_0'
Fri Mar 15 23:05:18 2024: Dispatch Server: Accepted socket connection from client
Fri Mar 15 23:05:18 2024: Starting Socket connection
Fri Mar 15 23:05:26 2024: Dispatch Server: Accepted socket connection from client
Fri Mar 15 23:05:26 2024: Starting Socket connection
Fri Mar 15 23:06:59 2024: Dispatch Server: Accepted socket connection from client
Fri Mar 15 23:06:59 2024: Starting Socket connection
Fri Mar 15 23:11:05 2024: Dispatch Server: Accepted socket connection from client
Fri Mar 15 23:11:05 2024: Starting Socket connection
Fri Mar 15 23:12:12 2024: Dispatch Server: Accepted socket connection from client
Fri Mar 15 23:12:12 2024: Starting Socket connection
Fri Mar 15 23:22:38 2024: SESSION_MGR: closing session for UUID '264b3514-412d-45cd-8da3-41c413bf45b3' with name 'v++_link_mmul_kernel_0'
Fri Mar 15 23:22:38 2024: KERNEL_SVC: closing session for UUID '264b3514-412d-45cd-8da3-41c413bf45b3' with name 'v++_link_mmul_kernel_0'
Fri Mar 15 23:22:38 2024: GUIDANCE_SMGR: closing session for UUID '264b3514-412d-45cd-8da3-41c413bf45b3' with name 'v++_link_mmul_kernel_0'
Fri Mar 15 23:22:38 2024: SYSTEM_DIAGRAM: closing session for UUID '264b3514-412d-45cd-8da3-41c413bf45b3' with name 'v++_link_mmul_kernel_0'
Fri Mar 15 23:22:38 2024: STOP_SERVER received, server token: 385ab252-9e6c-45cb-a657-bdfe9a6a44a8, passed token: 385ab252-9e6c-45cb-a657-bdfe9a6a44a8
Fri Mar 15 23:22:38 2024: DISPATCH_HANDLER: 4 connections are active. Stop request denied.
Fri Mar 15 23:23:01 2024: Running xcd server. This server was built by gradle.
Fri Mar 15 23:23:01 2024: Server was asked to start on port: '36303'
Fri Mar 15 23:23:01 2024: Server is using token UUID: '5560d74d-f608-4926-bf1e-dd9623b005cb'
Fri Mar 15 23:23:01 2024: SESSION_MGR: creating session with session uuid: '6d04a3e9-ade5-4ab9-8d63-1f78fcd2ec76' and name 'default'
Fri Mar 15 23:23:01 2024: Attempting to start server on port '36303'
Fri Mar 15 23:23:01 2024: XCD main fifo: created main fifo '/tmp/xcdmain5560d74d-f608-4926-bf1e-dd9623b005cb', fd read = 13
Fri Mar 15 23:23:01 2024: Running Dispatch Server
Fri Mar 15 23:23:01 2024: Version 2.2.0
Fri Mar 15 23:23:10 2024: Dispatch Server: Accepted socket connection from client
Fri Mar 15 23:23:10 2024: Starting Socket connection
Fri Mar 15 23:23:10 2024: EXCHANGE_TOKEN received, server token: 5560d74d-f608-4926-bf1e-dd9623b005cb, passed token: 5560d74d-f608-4926-bf1e-dd9623b005cb
Fri Mar 15 23:23:11 2024: DISPATCH_HANDLER: Adding handler from function makeHandler in library libxv_system_diagram
Fri Mar 15 23:23:11 2024: SESSION_MGR: creating session with session uuid: '839b033b-0432-4399-98c9-90106b93bf36' and name 'v++_compile_mmul_kernel_0'
Fri Mar 15 23:23:11 2024: KERNEL_SVC: creating session with uuid: '839b033b-0432-4399-98c9-90106b93bf36' and name 'v++_compile_mmul_kernel_0'
Fri Mar 15 23:23:11 2024: GUIDANCE_SMGR: creating guidance session with uuid: '839b033b-0432-4399-98c9-90106b93bf36' and name 'v++_compile_mmul_kernel_0'
Fri Mar 15 23:23:11 2024: SYSTEM_DIAGRAM: creating session with uuid: '839b033b-0432-4399-98c9-90106b93bf36' and name 'v++_compile_mmul_kernel_0'
Fri Mar 15 23:23:17 2024: Dispatch Server: Accepted socket connection from client
Fri Mar 15 23:23:17 2024: Starting Socket connection
Fri Mar 15 23:23:46 2024: SESSION_MGR: closing session for UUID '839b033b-0432-4399-98c9-90106b93bf36' with name 'v++_compile_mmul_kernel_0'
Fri Mar 15 23:23:46 2024: KERNEL_SVC: closing session for UUID '839b033b-0432-4399-98c9-90106b93bf36' with name 'v++_compile_mmul_kernel_0'
Fri Mar 15 23:23:46 2024: GUIDANCE_SMGR: closing session for UUID '839b033b-0432-4399-98c9-90106b93bf36' with name 'v++_compile_mmul_kernel_0'
Fri Mar 15 23:23:46 2024: SYSTEM_DIAGRAM: closing session for UUID '839b033b-0432-4399-98c9-90106b93bf36' with name 'v++_compile_mmul_kernel_0'
Fri Mar 15 23:23:46 2024: STOP_SERVER received, server token: 5560d74d-f608-4926-bf1e-dd9623b005cb, passed token: 5560d74d-f608-4926-bf1e-dd9623b005cb
Fri Mar 15 23:23:46 2024: Socket received request to stop server.
Fri Mar 15 23:23:46 2024: Dispatch Server: do_await_stop
Fri Mar 15 23:23:46 2024: Dispatch Server: stopping mainFifo_
Fri Mar 15 23:23:46 2024: XCD main fifo: Stopping
Fri Mar 15 23:23:46 2024: XCD main fifo: do_read error code: Operation canceled
Fri Mar 15 23:23:46 2024: XCD main fifo: bytes_transferred: 0
Fri Mar 15 23:23:46 2024: SERVER: destructor for server bound to port 36303
Fri Mar 15 23:23:46 2024: XCD main fifo: Good unlink of /tmp/xcdmain5560d74d-f608-4926-bf1e-dd9623b005cb
Fri Mar 15 23:23:46 2024: Server exiting with status 0.
Fri Mar 15 23:23:46 2024: Closing log file.
Fri Mar 15 23:23:49 2024: Running xcd server. This server was built by gradle.
Fri Mar 15 23:23:49 2024: Server was asked to start on port: '35253'
Fri Mar 15 23:23:49 2024: Server is using token UUID: '562db9b8-1b2b-4e88-ad66-4c10b8ffe953'
Fri Mar 15 23:23:49 2024: SESSION_MGR: creating session with session uuid: '6d04a3e9-ade5-4ab9-8d63-1f78fcd2ec76' and name 'default'
Fri Mar 15 23:23:49 2024: Attempting to start server on port '35253'
Fri Mar 15 23:23:49 2024: XCD main fifo: created main fifo '/tmp/xcdmain562db9b8-1b2b-4e88-ad66-4c10b8ffe953', fd read = 12
Fri Mar 15 23:23:49 2024: Running Dispatch Server
Fri Mar 15 23:23:49 2024: Version 2.2.0
Fri Mar 15 23:23:58 2024: Dispatch Server: Accepted socket connection from client
Fri Mar 15 23:23:58 2024: Starting Socket connection
Fri Mar 15 23:23:58 2024: EXCHANGE_TOKEN received, server token: 562db9b8-1b2b-4e88-ad66-4c10b8ffe953, passed token: 562db9b8-1b2b-4e88-ad66-4c10b8ffe953
Fri Mar 15 23:23:58 2024: DISPATCH_HANDLER: Adding handler from function makeHandler in library libxv_system_diagram
Fri Mar 15 23:23:58 2024: SESSION_MGR: creating session with session uuid: '2df784fe-22fe-4f8c-9357-035e4f31bf72' and name 'v++_link_mmul_kernel_0'
Fri Mar 15 23:23:58 2024: KERNEL_SVC: creating session with uuid: '2df784fe-22fe-4f8c-9357-035e4f31bf72' and name 'v++_link_mmul_kernel_0'
Fri Mar 15 23:23:58 2024: GUIDANCE_SMGR: creating guidance session with uuid: '2df784fe-22fe-4f8c-9357-035e4f31bf72' and name 'v++_link_mmul_kernel_0'
Fri Mar 15 23:23:58 2024: SYSTEM_DIAGRAM: creating session with uuid: '2df784fe-22fe-4f8c-9357-035e4f31bf72' and name 'v++_link_mmul_kernel_0'
Fri Mar 15 23:24:24 2024: Dispatch Server: Accepted socket connection from client
Fri Mar 15 23:24:24 2024: Starting Socket connection
Fri Mar 15 23:24:32 2024: Dispatch Server: Accepted socket connection from client
Fri Mar 15 23:24:32 2024: Starting Socket connection
Fri Mar 15 23:26:00 2024: Dispatch Server: Accepted socket connection from client
Fri Mar 15 23:26:00 2024: Starting Socket connection
Fri Mar 15 23:28:39 2024: Dispatch Server: Accepted socket connection from client
Fri Mar 15 23:28:39 2024: Starting Socket connection
Fri Mar 15 23:29:45 2024: Dispatch Server: Accepted socket connection from client
Fri Mar 15 23:29:45 2024: Starting Socket connection
Sat Mar 16 01:06:11 2024: SESSION_MGR: closing session for UUID '2df784fe-22fe-4f8c-9357-035e4f31bf72' with name 'v++_link_mmul_kernel_0'
Sat Mar 16 01:06:11 2024: KERNEL_SVC: closing session for UUID '2df784fe-22fe-4f8c-9357-035e4f31bf72' with name 'v++_link_mmul_kernel_0'
Sat Mar 16 01:06:11 2024: GUIDANCE_SMGR: closing session for UUID '2df784fe-22fe-4f8c-9357-035e4f31bf72' with name 'v++_link_mmul_kernel_0'
Sat Mar 16 01:06:11 2024: SYSTEM_DIAGRAM: closing session for UUID '2df784fe-22fe-4f8c-9357-035e4f31bf72' with name 'v++_link_mmul_kernel_0'
Sat Mar 16 01:06:11 2024: STOP_SERVER received, server token: 562db9b8-1b2b-4e88-ad66-4c10b8ffe953, passed token: 562db9b8-1b2b-4e88-ad66-4c10b8ffe953
Sat Mar 16 01:06:11 2024: DISPATCH_HANDLER: 2 connections are active. Stop request denied.
Tue Mar 19 16:29:58 2024: Running xcd server. This server was built by gradle.
Tue Mar 19 16:29:58 2024: Server was asked to start on port: '34331'
Tue Mar 19 16:29:58 2024: Server is using token UUID: '8999c493-1cff-4aa3-9b57-4f3ddcbd9480'
Tue Mar 19 16:29:58 2024: SESSION_MGR: creating session with session uuid: '6d04a3e9-ade5-4ab9-8d63-1f78fcd2ec76' and name 'default'
Tue Mar 19 16:29:58 2024: Attempting to start server on port '34331'
Tue Mar 19 16:29:58 2024: XCD main fifo: created main fifo '/tmp/xcdmain8999c493-1cff-4aa3-9b57-4f3ddcbd9480', fd read = 13
Tue Mar 19 16:29:58 2024: Running Dispatch Server
Tue Mar 19 16:29:58 2024: Version 2.2.0
Tue Mar 19 16:30:01 2024: Dispatch Server: do_await_stop
Tue Mar 19 16:31:00 2024: Running xcd server. This server was built by gradle.
Tue Mar 19 16:31:00 2024: Server was asked to start on port: '45221'
Tue Mar 19 16:31:00 2024: Server is using token UUID: '890dcab7-2dd4-41c3-8414-43b240feb706'
Tue Mar 19 16:31:00 2024: SESSION_MGR: creating session with session uuid: '6d04a3e9-ade5-4ab9-8d63-1f78fcd2ec76' and name 'default'
Tue Mar 19 16:31:00 2024: Attempting to start server on port '45221'
Tue Mar 19 16:31:00 2024: XCD main fifo: created main fifo '/tmp/xcdmain890dcab7-2dd4-41c3-8414-43b240feb706', fd read = 13
Tue Mar 19 16:31:00 2024: Running Dispatch Server
Tue Mar 19 16:31:00 2024: Version 2.2.0
Tue Mar 19 16:31:09 2024: Dispatch Server: Accepted socket connection from client
Tue Mar 19 16:31:09 2024: Starting Socket connection
Tue Mar 19 16:31:09 2024: EXCHANGE_TOKEN received, server token: 890dcab7-2dd4-41c3-8414-43b240feb706, passed token: 890dcab7-2dd4-41c3-8414-43b240feb706
Tue Mar 19 16:31:10 2024: DISPATCH_HANDLER: Adding handler from function makeHandler in library libxv_system_diagram
Tue Mar 19 16:31:10 2024: SESSION_MGR: creating session with session uuid: '0441ac8c-47f8-430a-8f07-14f5e98855cd' and name 'v++_compile_mmul_kernel_0'
Tue Mar 19 16:31:10 2024: KERNEL_SVC: creating session with uuid: '0441ac8c-47f8-430a-8f07-14f5e98855cd' and name 'v++_compile_mmul_kernel_0'
Tue Mar 19 16:31:10 2024: GUIDANCE_SMGR: creating guidance session with uuid: '0441ac8c-47f8-430a-8f07-14f5e98855cd' and name 'v++_compile_mmul_kernel_0'
Tue Mar 19 16:31:10 2024: SYSTEM_DIAGRAM: creating session with uuid: '0441ac8c-47f8-430a-8f07-14f5e98855cd' and name 'v++_compile_mmul_kernel_0'
Tue Mar 19 16:31:17 2024: Dispatch Server: Accepted socket connection from client
Tue Mar 19 16:31:17 2024: Starting Socket connection
Tue Mar 19 16:31:18 2024: SESSION_MGR: closing session for UUID '0441ac8c-47f8-430a-8f07-14f5e98855cd' with name 'v++_compile_mmul_kernel_0'
Tue Mar 19 16:31:18 2024: KERNEL_SVC: closing session for UUID '0441ac8c-47f8-430a-8f07-14f5e98855cd' with name 'v++_compile_mmul_kernel_0'
Tue Mar 19 16:31:18 2024: GUIDANCE_SMGR: closing session for UUID '0441ac8c-47f8-430a-8f07-14f5e98855cd' with name 'v++_compile_mmul_kernel_0'
Tue Mar 19 16:31:18 2024: SYSTEM_DIAGRAM: closing session for UUID '0441ac8c-47f8-430a-8f07-14f5e98855cd' with name 'v++_compile_mmul_kernel_0'
Tue Mar 19 16:31:18 2024: STOP_SERVER received, server token: 890dcab7-2dd4-41c3-8414-43b240feb706, passed token: 890dcab7-2dd4-41c3-8414-43b240feb706
Tue Mar 19 16:31:18 2024: Socket received request to stop server.
Tue Mar 19 16:31:18 2024: Dispatch Server: do_await_stop
Tue Mar 19 16:31:18 2024: Dispatch Server: stopping mainFifo_
Tue Mar 19 16:31:18 2024: XCD main fifo: Stopping
Tue Mar 19 16:31:18 2024: XCD main fifo: do_read error code: Operation canceled
Tue Mar 19 16:31:18 2024: XCD main fifo: bytes_transferred: 0
Tue Mar 19 16:31:18 2024: SERVER: destructor for server bound to port 45221
Tue Mar 19 16:31:18 2024: XCD main fifo: Good unlink of /tmp/xcdmain890dcab7-2dd4-41c3-8414-43b240feb706
Tue Mar 19 16:31:18 2024: Server exiting with status 0.
Tue Mar 19 16:31:18 2024: Closing log file.
Tue Mar 19 16:32:04 2024: Running xcd server. This server was built by gradle.
Tue Mar 19 16:32:04 2024: Server was asked to start on port: '40289'
Tue Mar 19 16:32:04 2024: Server is using token UUID: '92a8bfb0-311c-4a69-a8a0-b8c3eb9a7e4e'
Tue Mar 19 16:32:04 2024: SESSION_MGR: creating session with session uuid: '6d04a3e9-ade5-4ab9-8d63-1f78fcd2ec76' and name 'default'
Tue Mar 19 16:32:04 2024: Attempting to start server on port '40289'
Tue Mar 19 16:32:04 2024: XCD main fifo: created main fifo '/tmp/xcdmain92a8bfb0-311c-4a69-a8a0-b8c3eb9a7e4e', fd read = 13
Tue Mar 19 16:32:04 2024: Running Dispatch Server
Tue Mar 19 16:32:04 2024: Version 2.2.0
Tue Mar 19 16:32:13 2024: Dispatch Server: Accepted socket connection from client
Tue Mar 19 16:32:13 2024: Starting Socket connection
Tue Mar 19 16:32:13 2024: EXCHANGE_TOKEN received, server token: 92a8bfb0-311c-4a69-a8a0-b8c3eb9a7e4e, passed token: 92a8bfb0-311c-4a69-a8a0-b8c3eb9a7e4e
Tue Mar 19 16:32:13 2024: DISPATCH_HANDLER: Adding handler from function makeHandler in library libxv_system_diagram
Tue Mar 19 16:32:13 2024: SESSION_MGR: creating session with session uuid: 'a1d23a70-2afc-468b-9186-2907e3c7f717' and name 'v++_compile_mmul_kernel_0'
Tue Mar 19 16:32:13 2024: KERNEL_SVC: creating session with uuid: 'a1d23a70-2afc-468b-9186-2907e3c7f717' and name 'v++_compile_mmul_kernel_0'
Tue Mar 19 16:32:13 2024: GUIDANCE_SMGR: creating guidance session with uuid: 'a1d23a70-2afc-468b-9186-2907e3c7f717' and name 'v++_compile_mmul_kernel_0'
Tue Mar 19 16:32:13 2024: SYSTEM_DIAGRAM: creating session with uuid: 'a1d23a70-2afc-468b-9186-2907e3c7f717' and name 'v++_compile_mmul_kernel_0'
Tue Mar 19 16:32:20 2024: Dispatch Server: Accepted socket connection from client
Tue Mar 19 16:32:20 2024: Starting Socket connection
Tue Mar 19 16:33:02 2024: SESSION_MGR: closing session for UUID 'a1d23a70-2afc-468b-9186-2907e3c7f717' with name 'v++_compile_mmul_kernel_0'
Tue Mar 19 16:33:02 2024: KERNEL_SVC: closing session for UUID 'a1d23a70-2afc-468b-9186-2907e3c7f717' with name 'v++_compile_mmul_kernel_0'
Tue Mar 19 16:33:02 2024: GUIDANCE_SMGR: closing session for UUID 'a1d23a70-2afc-468b-9186-2907e3c7f717' with name 'v++_compile_mmul_kernel_0'
Tue Mar 19 16:33:02 2024: SYSTEM_DIAGRAM: closing session for UUID 'a1d23a70-2afc-468b-9186-2907e3c7f717' with name 'v++_compile_mmul_kernel_0'
Tue Mar 19 16:33:02 2024: STOP_SERVER received, server token: 92a8bfb0-311c-4a69-a8a0-b8c3eb9a7e4e, passed token: 92a8bfb0-311c-4a69-a8a0-b8c3eb9a7e4e
Tue Mar 19 16:33:02 2024: Socket received request to stop server.
Tue Mar 19 16:33:02 2024: Dispatch Server: do_await_stop
Tue Mar 19 16:33:02 2024: Dispatch Server: stopping mainFifo_
Tue Mar 19 16:33:02 2024: XCD main fifo: Stopping
Tue Mar 19 16:33:02 2024: XCD main fifo: do_read error code: Operation canceled
Tue Mar 19 16:33:02 2024: XCD main fifo: bytes_transferred: 0
Tue Mar 19 16:33:02 2024: SERVER: destructor for server bound to port 40289
Tue Mar 19 16:33:02 2024: XCD main fifo: Good unlink of /tmp/xcdmain92a8bfb0-311c-4a69-a8a0-b8c3eb9a7e4e
Tue Mar 19 16:33:02 2024: Server exiting with status 0.
Tue Mar 19 16:33:02 2024: Closing log file.
Tue Mar 19 16:33:05 2024: Running xcd server. This server was built by gradle.
Tue Mar 19 16:33:05 2024: Server was asked to start on port: '36073'
Tue Mar 19 16:33:05 2024: Server is using token UUID: '55326003-17ed-4c11-aae4-afacea3bed2e'
Tue Mar 19 16:33:05 2024: SESSION_MGR: creating session with session uuid: '6d04a3e9-ade5-4ab9-8d63-1f78fcd2ec76' and name 'default'
Tue Mar 19 16:33:05 2024: Attempting to start server on port '36073'
Tue Mar 19 16:33:05 2024: XCD main fifo: created main fifo '/tmp/xcdmain55326003-17ed-4c11-aae4-afacea3bed2e', fd read = 12
Tue Mar 19 16:33:05 2024: Running Dispatch Server
Tue Mar 19 16:33:05 2024: Version 2.2.0
Tue Mar 19 16:33:14 2024: Dispatch Server: Accepted socket connection from client
Tue Mar 19 16:33:14 2024: Starting Socket connection
Tue Mar 19 16:33:14 2024: EXCHANGE_TOKEN received, server token: 55326003-17ed-4c11-aae4-afacea3bed2e, passed token: 55326003-17ed-4c11-aae4-afacea3bed2e
Tue Mar 19 16:33:14 2024: DISPATCH_HANDLER: Adding handler from function makeHandler in library libxv_system_diagram
Tue Mar 19 16:33:14 2024: SESSION_MGR: creating session with session uuid: '9d770f3b-9f11-4449-aedb-2893f20b8154' and name 'v++_link_mmul_kernel_0'
Tue Mar 19 16:33:14 2024: KERNEL_SVC: creating session with uuid: '9d770f3b-9f11-4449-aedb-2893f20b8154' and name 'v++_link_mmul_kernel_0'
Tue Mar 19 16:33:14 2024: GUIDANCE_SMGR: creating guidance session with uuid: '9d770f3b-9f11-4449-aedb-2893f20b8154' and name 'v++_link_mmul_kernel_0'
Tue Mar 19 16:33:14 2024: SYSTEM_DIAGRAM: creating session with uuid: '9d770f3b-9f11-4449-aedb-2893f20b8154' and name 'v++_link_mmul_kernel_0'
Tue Mar 19 16:33:40 2024: Dispatch Server: Accepted socket connection from client
Tue Mar 19 16:33:40 2024: Starting Socket connection
Tue Mar 19 16:33:49 2024: Dispatch Server: Accepted socket connection from client
Tue Mar 19 16:33:49 2024: Starting Socket connection
Tue Mar 19 16:35:23 2024: Dispatch Server: Accepted socket connection from client
Tue Mar 19 16:35:23 2024: Starting Socket connection
Tue Mar 19 16:35:23 2024: Dispatch Server: Accepted socket connection from client
Tue Mar 19 16:35:23 2024: Starting Socket connection
Tue Mar 19 16:35:23 2024: Dispatch Server: Accepted socket connection from client
Tue Mar 19 16:35:23 2024: Starting Socket connection
Tue Mar 19 16:35:23 2024: Dispatch Server: Accepted socket connection from client
Tue Mar 19 16:35:23 2024: Starting Socket connection
Tue Mar 19 16:35:23 2024: Dispatch Server: Accepted socket connection from client
Tue Mar 19 16:35:23 2024: Starting Socket connection
Tue Mar 19 16:35:23 2024: Dispatch Server: Accepted socket connection from client
Tue Mar 19 16:35:23 2024: Starting Socket connection
Tue Mar 19 16:35:23 2024: Dispatch Server: Accepted socket connection from client
Tue Mar 19 16:35:23 2024: Starting Socket connection
Tue Mar 19 16:35:23 2024: Dispatch Server: Accepted socket connection from client
Tue Mar 19 16:35:23 2024: Starting Socket connection
Tue Mar 19 16:36:20 2024: Dispatch Server: Accepted socket connection from client
Tue Mar 19 16:36:20 2024: Starting Socket connection
Tue Mar 19 16:37:46 2024: Dispatch Server: Accepted socket connection from client
Tue Mar 19 16:37:46 2024: Starting Socket connection
Tue Mar 19 16:40:48 2024: Dispatch Server: Accepted socket connection from client
Tue Mar 19 16:40:48 2024: Starting Socket connection
Tue Mar 19 16:41:54 2024: Dispatch Server: Accepted socket connection from client
Tue Mar 19 16:41:54 2024: Starting Socket connection
Tue Mar 19 17:57:05 2024: SESSION_MGR: closing session for UUID '9d770f3b-9f11-4449-aedb-2893f20b8154' with name 'v++_link_mmul_kernel_0'
Tue Mar 19 17:57:05 2024: KERNEL_SVC: closing session for UUID '9d770f3b-9f11-4449-aedb-2893f20b8154' with name 'v++_link_mmul_kernel_0'
Tue Mar 19 17:57:05 2024: GUIDANCE_SMGR: closing session for UUID '9d770f3b-9f11-4449-aedb-2893f20b8154' with name 'v++_link_mmul_kernel_0'
Tue Mar 19 17:57:06 2024: SYSTEM_DIAGRAM: closing session for UUID '9d770f3b-9f11-4449-aedb-2893f20b8154' with name 'v++_link_mmul_kernel_0'
Tue Mar 19 17:57:06 2024: STOP_SERVER received, server token: 55326003-17ed-4c11-aae4-afacea3bed2e, passed token: 55326003-17ed-4c11-aae4-afacea3bed2e
Tue Mar 19 17:57:06 2024: DISPATCH_HANDLER: 2 connections are active. Stop request denied.
